[0.184s] DEBUG:colcon:Command line arguments: ['/usr/bin/colcon', 'build']
[0.184s] DEBUG:colcon:Parsed command line arguments: Namespace(ament_cmake_args=None, base_paths=['.'], build_base='build', catkin_cmake_args=None, catkin_skip_building_tests=False, cmake_args=None, cmake_clean_cache=False, cmake_clean_first=False, cmake_force_configure=False, cmake_target=None, cmake_target_skip_unavailable=False, continue_on_error=False, event_handlers=None, executor='parallel', ignore_user_meta=False, install_base='install', log_base=None, log_level=None, main=<bound method BuildVerb.main of <colcon_core.verb.build.BuildVerb object at 0x7fa9706bcfd0>>, merge_install=False, metas=['./colcon.meta'], packages_above=None, packages_above_and_dependencies=None, packages_above_depth=None, packages_end=None, packages_ignore=None, packages_ignore_regex=None, packages_select=None, packages_select_build_failed=False, packages_select_by_dep=None, packages_select_regex=None, packages_select_test_failures=False, packages_skip=None, packages_skip_build_finished=False, packages_skip_by_dep=None, packages_skip_regex=None, packages_skip_test_passed=False, packages_skip_up_to=None, packages_start=None, packages_up_to=None, packages_up_to_regex=None, parallel_workers=8, paths=None, symlink_install=False, test_result_base=None, verb_extension=<colcon_core.verb.build.BuildVerb object at 0x7fa9706bcfd0>, verb_name='build', verb_parser=<colcon_defaults.argument_parser.defaults.DefaultArgumentsDecorator object at 0x7fa97064b520>)
[0.188s] Level 1:colcon.colcon_core.package_discovery:discover_packages(colcon_meta) check parameters
[0.188s] Level 1:colcon.colcon_core.package_discovery:discover_packages(recursive) check parameters
[0.188s] Level 1:colcon.colcon_core.package_discovery:discover_packages(ignore) check parameters
[0.188s] Level 1:colcon.colcon_core.package_discovery:discover_packages(path) check parameters
[0.188s] Level 1:colcon.colcon_core.package_discovery:discover_packages(colcon_meta) discover
[0.188s] Level 1:colcon.colcon_core.package_discovery:discover_packages(recursive) discover
[0.188s] INFO:colcon.colcon_core.package_discovery:Crawling recursively for packages in '/home/alyssa/ros2_town'
[0.188s] Level 1:colcon.colcon_core.package_identification:_identify(.) by extensions ['ignore', 'ignore_ament_install']
[0.188s] Level 1:colcon.colcon_core.package_identification:_identify(.) by extension 'ignore'
[0.188s] Level 1:colcon.colcon_core.package_identification:_identify(.) by extension 'ignore_ament_install'
[0.188s] Level 1:colcon.colcon_core.package_identification:_identify(.) by extensions ['colcon_pkg']
[0.188s] Level 1:colcon.colcon_core.package_identification:_identify(.) by extension 'colcon_pkg'
[0.188s] Level 1:colcon.colcon_core.package_identification:_identify(.) by extensions ['colcon_meta']
[0.188s] Level 1:colcon.colcon_core.package_identification:_identify(.) by extension 'colcon_meta'
[0.188s] Level 1:colcon.colcon_core.package_identification:_identify(.) by extensions ['ros']
[0.188s] Level 1:colcon.colcon_core.package_identification:_identify(.) by extension 'ros'
[0.196s] Level 1:colcon.colcon_core.package_identification:_identify(.) by extensions ['cmake', 'python']
[0.196s] Level 1:colcon.colcon_core.package_identification:_identify(.) by extension 'cmake'
[0.196s] Level 1:colcon.colcon_core.package_identification:_identify(.) by extension 'python'
[0.196s] Level 1:colcon.colcon_core.package_identification:_identify(.) by extensions ['python_setup_py']
[0.196s] Level 1:colcon.colcon_core.package_identification:_identify(.) by extension 'python_setup_py'
[0.196s] Level 1:colcon.colcon_core.package_identification:_identify(build) by extensions ['ignore', 'ignore_ament_install']
[0.196s] Level 1:colcon.colcon_core.package_identification:_identify(build) by extension 'ignore'
[0.196s] Level 1:colcon.colcon_core.package_identification:_identify(build) ignored
[0.196s] Level 1:colcon.colcon_core.package_identification:_identify(install) by extensions ['ignore', 'ignore_ament_install']
[0.196s] Level 1:colcon.colcon_core.package_identification:_identify(install) by extension 'ignore'
[0.196s] Level 1:colcon.colcon_core.package_identification:_identify(install) ignored
[0.197s] Level 1:colcon.colcon_core.package_identification:_identify(log) by extensions ['ignore', 'ignore_ament_install']
[0.197s] Level 1:colcon.colcon_core.package_identification:_identify(log) by extension 'ignore'
[0.197s] Level 1:colcon.colcon_core.package_identification:_identify(log) ignored
[0.197s] Level 1:colcon.colcon_core.package_identification:_identify(village_interfaces) by extensions ['ignore', 'ignore_ament_install']
[0.197s] Level 1:colcon.colcon_core.package_identification:_identify(village_interfaces) by extension 'ignore'
[0.197s] Level 1:colcon.colcon_core.package_identification:_identify(village_interfaces) by extension 'ignore_ament_install'
[0.197s] Level 1:colcon.colcon_core.package_identification:_identify(village_interfaces) by extensions ['colcon_pkg']
[0.197s] Level 1:colcon.colcon_core.package_identification:_identify(village_interfaces) by extension 'colcon_pkg'
[0.197s] Level 1:colcon.colcon_core.package_identification:_identify(village_interfaces) by extensions ['colcon_meta']
[0.197s] Level 1:colcon.colcon_core.package_identification:_identify(village_interfaces) by extension 'colcon_meta'
[0.197s] Level 1:colcon.colcon_core.package_identification:_identify(village_interfaces) by extensions ['ros']
[0.197s] Level 1:colcon.colcon_core.package_identification:_identify(village_interfaces) by extension 'ros'
[0.198s] DEBUG:colcon.colcon_core.package_identification:Package 'village_interfaces' with type 'ros.ament_cmake' and name 'village_interfaces'
[0.198s] Level 1:colcon.colcon_core.package_identification:_identify(village_li) by extensions ['ignore', 'ignore_ament_install']
[0.199s] Level 1:colcon.colcon_core.package_identification:_identify(village_li) by extension 'ignore'
[0.199s] Level 1:colcon.colcon_core.package_identification:_identify(village_li) by extension 'ignore_ament_install'
[0.199s] Level 1:colcon.colcon_core.package_identification:_identify(village_li) by extensions ['colcon_pkg']
[0.199s] Level 1:colcon.colcon_core.package_identification:_identify(village_li) by extension 'colcon_pkg'
[0.199s] Level 1:colcon.colcon_core.package_identification:_identify(village_li) by extensions ['colcon_meta']
[0.199s] Level 1:colcon.colcon_core.package_identification:_identify(village_li) by extension 'colcon_meta'
[0.199s] Level 1:colcon.colcon_core.package_identification:_identify(village_li) by extensions ['ros']
[0.199s] Level 1:colcon.colcon_core.package_identification:_identify(village_li) by extension 'ros'
[0.199s] DEBUG:colcon.colcon_core.package_identification:Package 'village_li' with type 'ros.ament_python' and name 'village_li'
[0.199s] Level 1:colcon.colcon_core.package_identification:_identify(village_wang) by extensions ['ignore', 'ignore_ament_install']
[0.199s] Level 1:colcon.colcon_core.package_identification:_identify(village_wang) by extension 'ignore'
[0.199s] Level 1:colcon.colcon_core.package_identification:_identify(village_wang) by extension 'ignore_ament_install'
[0.200s] Level 1:colcon.colcon_core.package_identification:_identify(village_wang) by extensions ['colcon_pkg']
[0.200s] Level 1:colcon.colcon_core.package_identification:_identify(village_wang) by extension 'colcon_pkg'
[0.200s] Level 1:colcon.colcon_core.package_identification:_identify(village_wang) by extensions ['colcon_meta']
[0.200s] Level 1:colcon.colcon_core.package_identification:_identify(village_wang) by extension 'colcon_meta'
[0.200s] Level 1:colcon.colcon_core.package_identification:_identify(village_wang) by extensions ['ros']
[0.200s] Level 1:colcon.colcon_core.package_identification:_identify(village_wang) by extension 'ros'
[0.200s] DEBUG:colcon.colcon_core.package_identification:Package 'village_wang' with type 'ros.ament_cmake' and name 'village_wang'
[0.200s] Level 1:colcon.colcon_core.package_identification:_identify(village_zhang) by extensions ['ignore', 'ignore_ament_install']
[0.200s] Level 1:colcon.colcon_core.package_identification:_identify(village_zhang) by extension 'ignore'
[0.200s] Level 1:colcon.colcon_core.package_identification:_identify(village_zhang) by extension 'ignore_ament_install'
[0.200s] Level 1:colcon.colcon_core.package_identification:_identify(village_zhang) by extensions ['colcon_pkg']
[0.200s] Level 1:colcon.colcon_core.package_identification:_identify(village_zhang) by extension 'colcon_pkg'
[0.200s] Level 1:colcon.colcon_core.package_identification:_identify(village_zhang) by extensions ['colcon_meta']
[0.200s] Level 1:colcon.colcon_core.package_identification:_identify(village_zhang) by extension 'colcon_meta'
[0.200s] Level 1:colcon.colcon_core.package_identification:_identify(village_zhang) by extensions ['ros']
[0.200s] Level 1:colcon.colcon_core.package_identification:_identify(village_zhang) by extension 'ros'
[0.201s] DEBUG:colcon.colcon_core.package_identification:Package 'village_zhang' with type 'ros.ament_cmake' and name 'village_zhang'
[0.201s] Level 1:colcon.colcon_core.package_discovery:discover_packages(recursive) using defaults
[0.201s] Level 1:colcon.colcon_core.package_discovery:discover_packages(ignore) discover
[0.201s] Level 1:colcon.colcon_core.package_discovery:discover_packages(ignore) using defaults
[0.201s] Level 1:colcon.colcon_core.package_discovery:discover_packages(path) discover
[0.201s] Level 1:colcon.colcon_core.package_discovery:discover_packages(path) using defaults
[0.215s] Level 5:colcon.colcon_core.verb:set package 'village_interfaces' build argument 'cmake_args' from command line to 'None'
[0.215s] Level 5:colcon.colcon_core.verb:set package 'village_interfaces' build argument 'cmake_target' from command line to 'None'
[0.215s] Level 5:colcon.colcon_core.verb:set package 'village_interfaces' build argument 'cmake_target_skip_unavailable' from command line to 'False'
[0.215s] Level 5:colcon.colcon_core.verb:set package 'village_interfaces' build argument 'cmake_clean_cache' from command line to 'False'
[0.215s] Level 5:colcon.colcon_core.verb:set package 'village_interfaces' build argument 'cmake_clean_first' from command line to 'False'
[0.215s] Level 5:colcon.colcon_core.verb:set package 'village_interfaces' build argument 'cmake_force_configure' from command line to 'False'
[0.215s] Level 5:colcon.colcon_core.verb:set package 'village_interfaces' build argument 'ament_cmake_args' from command line to 'None'
[0.215s] Level 5:colcon.colcon_core.verb:set package 'village_interfaces' build argument 'catkin_cmake_args' from command line to 'None'
[0.215s] Level 5:colcon.colcon_core.verb:set package 'village_interfaces' build argument 'catkin_skip_building_tests' from command line to 'False'
[0.215s] DEBUG:colcon.colcon_core.verb:Building package 'village_interfaces' with the following arguments: {'ament_cmake_args': None, 'build_base': '/home/alyssa/ros2_town/build/village_interfaces', 'catkin_cmake_args': None, 'catkin_skip_building_tests': False, 'cmake_args': None, 'cmake_clean_cache': False, 'cmake_clean_first': False, 'cmake_force_configure': False, 'cmake_target': None, 'cmake_target_skip_unavailable': False, 'install_base': '/home/alyssa/ros2_town/install/village_interfaces', 'merge_install': False, 'path': '/home/alyssa/ros2_town/village_interfaces', 'symlink_install': False, 'test_result_base': None}
[0.217s] Level 5:colcon.colcon_core.verb:set package 'village_li' build argument 'cmake_args' from command line to 'None'
[0.217s] Level 5:colcon.colcon_core.verb:set package 'village_li' build argument 'cmake_target' from command line to 'None'
[0.217s] Level 5:colcon.colcon_core.verb:set package 'village_li' build argument 'cmake_target_skip_unavailable' from command line to 'False'
[0.217s] Level 5:colcon.colcon_core.verb:set package 'village_li' build argument 'cmake_clean_cache' from command line to 'False'
[0.217s] Level 5:colcon.colcon_core.verb:set package 'village_li' build argument 'cmake_clean_first' from command line to 'False'
[0.217s] Level 5:colcon.colcon_core.verb:set package 'village_li' build argument 'cmake_force_configure' from command line to 'False'
[0.217s] Level 5:colcon.colcon_core.verb:set package 'village_li' build argument 'ament_cmake_args' from command line to 'None'
[0.217s] Level 5:colcon.colcon_core.verb:set package 'village_li' build argument 'catkin_cmake_args' from command line to 'None'
[0.217s] Level 5:colcon.colcon_core.verb:set package 'village_li' build argument 'catkin_skip_building_tests' from command line to 'False'
[0.217s] DEBUG:colcon.colcon_core.verb:Building package 'village_li' with the following arguments: {'ament_cmake_args': None, 'build_base': '/home/alyssa/ros2_town/build/village_li', 'catkin_cmake_args': None, 'catkin_skip_building_tests': False, 'cmake_args': None, 'cmake_clean_cache': False, 'cmake_clean_first': False, 'cmake_force_configure': False, 'cmake_target': None, 'cmake_target_skip_unavailable': False, 'install_base': '/home/alyssa/ros2_town/install/village_li', 'merge_install': False, 'path': '/home/alyssa/ros2_town/village_li', 'symlink_install': False, 'test_result_base': None}
[0.219s] Level 5:colcon.colcon_core.verb:set package 'village_wang' build argument 'cmake_args' from command line to 'None'
[0.219s] Level 5:colcon.colcon_core.verb:set package 'village_wang' build argument 'cmake_target' from command line to 'None'
[0.219s] Level 5:colcon.colcon_core.verb:set package 'village_wang' build argument 'cmake_target_skip_unavailable' from command line to 'False'
[0.219s] Level 5:colcon.colcon_core.verb:set package 'village_wang' build argument 'cmake_clean_cache' from command line to 'False'
[0.219s] Level 5:colcon.colcon_core.verb:set package 'village_wang' build argument 'cmake_clean_first' from command line to 'False'
[0.219s] Level 5:colcon.colcon_core.verb:set package 'village_wang' build argument 'cmake_force_configure' from command line to 'False'
[0.219s] Level 5:colcon.colcon_core.verb:set package 'village_wang' build argument 'ament_cmake_args' from command line to 'None'
[0.219s] Level 5:colcon.colcon_core.verb:set package 'village_wang' build argument 'catkin_cmake_args' from command line to 'None'
[0.219s] Level 5:colcon.colcon_core.verb:set package 'village_wang' build argument 'catkin_skip_building_tests' from command line to 'False'
[0.219s] DEBUG:colcon.colcon_core.verb:Building package 'village_wang' with the following arguments: {'ament_cmake_args': None, 'build_base': '/home/alyssa/ros2_town/build/village_wang', 'catkin_cmake_args': None, 'catkin_skip_building_tests': False, 'cmake_args': None, 'cmake_clean_cache': False, 'cmake_clean_first': False, 'cmake_force_configure': False, 'cmake_target': None, 'cmake_target_skip_unavailable': False, 'install_base': '/home/alyssa/ros2_town/install/village_wang', 'merge_install': False, 'path': '/home/alyssa/ros2_town/village_wang', 'symlink_install': False, 'test_result_base': None}
[0.221s] Level 5:colcon.colcon_core.verb:set package 'village_zhang' build argument 'cmake_args' from command line to 'None'
[0.221s] Level 5:colcon.colcon_core.verb:set package 'village_zhang' build argument 'cmake_target' from command line to 'None'
[0.221s] Level 5:colcon.colcon_core.verb:set package 'village_zhang' build argument 'cmake_target_skip_unavailable' from command line to 'False'
[0.221s] Level 5:colcon.colcon_core.verb:set package 'village_zhang' build argument 'cmake_clean_cache' from command line to 'False'
[0.221s] Level 5:colcon.colcon_core.verb:set package 'village_zhang' build argument 'cmake_clean_first' from command line to 'False'
[0.221s] Level 5:colcon.colcon_core.verb:set package 'village_zhang' build argument 'cmake_force_configure' from command line to 'False'
[0.221s] Level 5:colcon.colcon_core.verb:set package 'village_zhang' build argument 'ament_cmake_args' from command line to 'None'
[0.221s] Level 5:colcon.colcon_core.verb:set package 'village_zhang' build argument 'catkin_cmake_args' from command line to 'None'
[0.221s] Level 5:colcon.colcon_core.verb:set package 'village_zhang' build argument 'catkin_skip_building_tests' from command line to 'False'
[0.221s] DEBUG:colcon.colcon_core.verb:Building package 'village_zhang' with the following arguments: {'ament_cmake_args': None, 'build_base': '/home/alyssa/ros2_town/build/village_zhang', 'catkin_cmake_args': None, 'catkin_skip_building_tests': False, 'cmake_args': None, 'cmake_clean_cache': False, 'cmake_clean_first': False, 'cmake_force_configure': False, 'cmake_target': None, 'cmake_target_skip_unavailable': False, 'install_base': '/home/alyssa/ros2_town/install/village_zhang', 'merge_install': False, 'path': '/home/alyssa/ros2_town/village_zhang', 'symlink_install': False, 'test_result_base': None}
[0.221s] INFO:colcon.colcon_core.executor:Executing jobs using 'parallel' executor
[0.223s] DEBUG:colcon.colcon_parallel_executor.executor.parallel:run_until_complete
[0.223s] INFO:colcon.colcon_ros.task.ament_cmake.build:Building ROS package in '/home/alyssa/ros2_town/village_interfaces' with build type 'ament_cmake'
[0.223s] INFO:colcon.colcon_cmake.task.cmake.build:Building CMake package in '/home/alyssa/ros2_town/village_interfaces'
[0.226s] INFO:colcon.colcon_core.plugin_system:Skipping extension 'colcon_core.shell.bat': Not used on non-Windows systems
[0.227s] INFO:colcon.colcon_core.shell:Skip shell extension 'powershell' for command environment: Not usable outside of PowerShell
[0.227s] DEBUG:colcon.colcon_core.shell:Skip shell extension 'dsv' for command environment
[0.229s] DEBUG:colcon.colcon_core.shell:Ignoring prefix path '/opt/ros/foxy'
[0.237s] DEBUG:colcon.colcon_core.event_handler.log_command:Invoking command in '/home/alyssa/ros2_town/build/village_interfaces': CMAKE_PREFIX_PATH=/opt/ros/foxy /usr/bin/cmake --build /home/alyssa/ros2_town/build/village_interfaces -- -j8 -l8
[0.393s] DEBUG:colcon.colcon_core.event_handler.log_command:Invoked command in '/home/alyssa/ros2_town/build/village_interfaces' returned '0': CMAKE_PREFIX_PATH=/opt/ros/foxy /usr/bin/cmake --build /home/alyssa/ros2_town/build/village_interfaces -- -j8 -l8
[0.453s] DEBUG:colcon.colcon_core.event_handler.log_command:Invoking command in '/home/alyssa/ros2_town/build/village_interfaces': CMAKE_PREFIX_PATH=/opt/ros/foxy /usr/bin/cmake --install /home/alyssa/ros2_town/build/village_interfaces
[0.488s] Level 1:colcon.colcon_core.environment:create_environment_scripts_only(village_interfaces)
[0.488s] DEBUG:colcon.colcon_core.event_handler.log_command:Invoked command in '/home/alyssa/ros2_town/build/village_interfaces' returned '0': CMAKE_PREFIX_PATH=/opt/ros/foxy /usr/bin/cmake --install /home/alyssa/ros2_town/build/village_interfaces
[0.490s] Level 1:colcon.colcon_core.environment:checking '/home/alyssa/ros2_town/install/village_interfaces' for CMake module files
[0.490s] Level 1:colcon.colcon_core.environment:checking '/home/alyssa/ros2_town/install/village_interfaces' for CMake config files
[0.491s] Level 1:colcon.colcon_core.shell:create_environment_hook('village_interfaces', 'cmake_prefix_path')
[0.491s] INFO:colcon.colcon_core.shell:Creating environment hook '/home/alyssa/ros2_town/install/village_interfaces/share/village_interfaces/hook/cmake_prefix_path.ps1'
[0.492s] INFO:colcon.colcon_core.shell:Creating environment descriptor '/home/alyssa/ros2_town/install/village_interfaces/share/village_interfaces/hook/cmake_prefix_path.dsv'
[0.492s] INFO:colcon.colcon_core.shell:Creating environment hook '/home/alyssa/ros2_town/install/village_interfaces/share/village_interfaces/hook/cmake_prefix_path.sh'
[0.492s] Level 1:colcon.colcon_core.environment:checking '/home/alyssa/ros2_town/install/village_interfaces/lib'
[0.493s] Level 1:colcon.colcon_core.shell:create_environment_hook('village_interfaces', 'ld_library_path_lib')
[0.493s] INFO:colcon.colcon_core.shell:Creating environment hook '/home/alyssa/ros2_town/install/village_interfaces/share/village_interfaces/hook/ld_library_path_lib.ps1'
[0.493s] INFO:colcon.colcon_core.shell:Creating environment descriptor '/home/alyssa/ros2_town/install/village_interfaces/share/village_interfaces/hook/ld_library_path_lib.dsv'
[0.493s] INFO:colcon.colcon_core.shell:Creating environment hook '/home/alyssa/ros2_town/install/village_interfaces/share/village_interfaces/hook/ld_library_path_lib.sh'
[0.494s] Level 1:colcon.colcon_core.environment:checking '/home/alyssa/ros2_town/install/village_interfaces/bin'
[0.494s] Level 1:colcon.colcon_core.environment:checking '/home/alyssa/ros2_town/install/village_interfaces/lib/pkgconfig/village_interfaces.pc'
[0.494s] Level 1:colcon.colcon_core.environment:checking '/home/alyssa/ros2_town/install/village_interfaces/lib/python3.8/site-packages'
[0.494s] Level 1:colcon.colcon_core.shell:create_environment_hook('village_interfaces', 'pythonpath')
[0.494s] INFO:colcon.colcon_core.shell:Creating environment hook '/home/alyssa/ros2_town/install/village_interfaces/share/village_interfaces/hook/pythonpath.ps1'
[0.494s] INFO:colcon.colcon_core.shell:Creating environment descriptor '/home/alyssa/ros2_town/install/village_interfaces/share/village_interfaces/hook/pythonpath.dsv'
[0.494s] INFO:colcon.colcon_core.shell:Creating environment hook '/home/alyssa/ros2_town/install/village_interfaces/share/village_interfaces/hook/pythonpath.sh'
[0.495s] INFO:colcon.colcon_core.shell:Creating package script '/home/alyssa/ros2_town/install/village_interfaces/share/village_interfaces/package.ps1'
[0.496s] INFO:colcon.colcon_core.shell:Creating package descriptor '/home/alyssa/ros2_town/install/village_interfaces/share/village_interfaces/package.dsv'
[0.496s] INFO:colcon.colcon_core.shell:Creating package script '/home/alyssa/ros2_town/install/village_interfaces/share/village_interfaces/package.sh'
[0.496s] INFO:colcon.colcon_core.shell:Creating package script '/home/alyssa/ros2_town/install/village_interfaces/share/village_interfaces/package.bash'
[0.497s] INFO:colcon.colcon_core.shell:Creating package script '/home/alyssa/ros2_town/install/village_interfaces/share/village_interfaces/package.zsh'
[0.497s] Level 1:colcon.colcon_core.environment:create_file_with_runtime_dependencies(/home/alyssa/ros2_town/install/village_interfaces/share/colcon-core/packages/village_interfaces)
[0.546s] Level 1:colcon.colcon_core.environment:create_environment_scripts_only(village_interfaces)
[0.547s] Level 1:colcon.colcon_core.environment:checking '/home/alyssa/ros2_town/install/village_interfaces' for CMake module files
[0.547s] Level 1:colcon.colcon_core.environment:checking '/home/alyssa/ros2_town/install/village_interfaces' for CMake config files
[0.548s] Level 1:colcon.colcon_core.shell:create_environment_hook('village_interfaces', 'cmake_prefix_path')
[0.548s] INFO:colcon.colcon_core.shell:Creating environment hook '/home/alyssa/ros2_town/install/village_interfaces/share/village_interfaces/hook/cmake_prefix_path.ps1'
[0.548s] INFO:colcon.colcon_core.shell:Creating environment descriptor '/home/alyssa/ros2_town/install/village_interfaces/share/village_interfaces/hook/cmake_prefix_path.dsv'
[0.548s] INFO:colcon.colcon_core.shell:Creating environment hook '/home/alyssa/ros2_town/install/village_interfaces/share/village_interfaces/hook/cmake_prefix_path.sh'
[0.549s] Level 1:colcon.colcon_core.environment:checking '/home/alyssa/ros2_town/install/village_interfaces/lib'
[0.549s] Level 1:colcon.colcon_core.shell:create_environment_hook('village_interfaces', 'ld_library_path_lib')
[0.549s] INFO:colcon.colcon_core.shell:Creating environment hook '/home/alyssa/ros2_town/install/village_interfaces/share/village_interfaces/hook/ld_library_path_lib.ps1'
[0.549s] INFO:colcon.colcon_core.shell:Creating environment descriptor '/home/alyssa/ros2_town/install/village_interfaces/share/village_interfaces/hook/ld_library_path_lib.dsv'
[0.550s] INFO:colcon.colcon_core.shell:Creating environment hook '/home/alyssa/ros2_town/install/village_interfaces/share/village_interfaces/hook/ld_library_path_lib.sh'
[0.550s] Level 1:colcon.colcon_core.environment:checking '/home/alyssa/ros2_town/install/village_interfaces/bin'
[0.550s] Level 1:colcon.colcon_core.environment:checking '/home/alyssa/ros2_town/install/village_interfaces/lib/pkgconfig/village_interfaces.pc'
[0.550s] Level 1:colcon.colcon_core.environment:checking '/home/alyssa/ros2_town/install/village_interfaces/lib/python3.8/site-packages'
[0.550s] Level 1:colcon.colcon_core.shell:create_environment_hook('village_interfaces', 'pythonpath')
[0.550s] INFO:colcon.colcon_core.shell:Creating environment hook '/home/alyssa/ros2_town/install/village_interfaces/share/village_interfaces/hook/pythonpath.ps1'
[0.550s] INFO:colcon.colcon_core.shell:Creating environment descriptor '/home/alyssa/ros2_town/install/village_interfaces/share/village_interfaces/hook/pythonpath.dsv'
[0.551s] INFO:colcon.colcon_core.shell:Creating environment hook '/home/alyssa/ros2_town/install/village_interfaces/share/village_interfaces/hook/pythonpath.sh'
[0.551s] INFO:colcon.colcon_core.shell:Creating package script '/home/alyssa/ros2_town/install/village_interfaces/share/village_interfaces/package.ps1'
[0.551s] INFO:colcon.colcon_core.shell:Creating package descriptor '/home/alyssa/ros2_town/install/village_interfaces/share/village_interfaces/package.dsv'
[0.552s] INFO:colcon.colcon_core.shell:Creating package script '/home/alyssa/ros2_town/install/village_interfaces/share/village_interfaces/package.sh'
[0.552s] INFO:colcon.colcon_core.shell:Creating package script '/home/alyssa/ros2_town/install/village_interfaces/share/village_interfaces/package.bash'
[0.552s] INFO:colcon.colcon_core.shell:Creating package script '/home/alyssa/ros2_town/install/village_interfaces/share/village_interfaces/package.zsh'
[0.552s] Level 1:colcon.colcon_core.environment:create_file_with_runtime_dependencies(/home/alyssa/ros2_town/install/village_interfaces/share/colcon-core/packages/village_interfaces)
[0.553s] INFO:colcon.colcon_ros.task.ament_python.build:Building ROS package in '/home/alyssa/ros2_town/village_li' with build type 'ament_python'
[0.553s] Level 1:colcon.colcon_core.shell:create_environment_hook('village_li', 'ament_prefix_path')
[0.553s] INFO:colcon.colcon_core.shell:Creating environment hook '/home/alyssa/ros2_town/install/village_li/share/village_li/hook/ament_prefix_path.ps1'
[0.554s] INFO:colcon.colcon_core.shell:Creating environment descriptor '/home/alyssa/ros2_town/install/village_li/share/village_li/hook/ament_prefix_path.dsv'
[0.554s] INFO:colcon.colcon_core.shell:Creating environment hook '/home/alyssa/ros2_town/install/village_li/share/village_li/hook/ament_prefix_path.sh'
[0.555s] INFO:colcon.colcon_core.shell:Skip shell extension 'powershell' for command environment: Not usable outside of PowerShell
[0.555s] DEBUG:colcon.colcon_core.shell:Skip shell extension 'dsv' for command environment
[0.556s] DEBUG:colcon.colcon_core.shell:Ignoring prefix path '/opt/ros/foxy'
[0.558s] INFO:colcon.colcon_ros.task.ament_cmake.build:Building ROS package in '/home/alyssa/ros2_town/village_wang' with build type 'ament_cmake'
[0.558s] INFO:colcon.colcon_cmake.task.cmake.build:Building CMake package in '/home/alyssa/ros2_town/village_wang'
[0.559s] INFO:colcon.colcon_core.shell:Skip shell extension 'powershell' for command environment: Not usable outside of PowerShell
[0.559s] DEBUG:colcon.colcon_core.shell:Skip shell extension 'dsv' for command environment
[0.560s] DEBUG:colcon.colcon_core.shell:Ignoring prefix path '/opt/ros/foxy'
[0.562s] INFO:colcon.colcon_ros.task.ament_cmake.build:Building ROS package in '/home/alyssa/ros2_town/village_zhang' with build type 'ament_cmake'
[0.563s] INFO:colcon.colcon_cmake.task.cmake.build:Building CMake package in '/home/alyssa/ros2_town/village_zhang'
[0.564s] INFO:colcon.colcon_core.shell:Skip shell extension 'powershell' for command environment: Not usable outside of PowerShell
[0.564s] DEBUG:colcon.colcon_core.shell:Skip shell extension 'dsv' for command environment
[0.565s] DEBUG:colcon.colcon_core.shell:Ignoring prefix path '/opt/ros/foxy'
[0.727s] INFO:colcon.colcon_core.task.python.build:Building Python package in '/home/alyssa/ros2_town/village_li'
[0.728s] INFO:colcon.colcon_core.shell:Skip shell extension 'powershell' for command environment: Not usable outside of PowerShell
[0.728s] DEBUG:colcon.colcon_core.shell:Skip shell extension 'dsv' for command environment
[0.729s] DEBUG:colcon.colcon_core.shell:Ignoring prefix path '/opt/ros/foxy'
[0.735s] DEBUG:colcon.colcon_core.event_handler.log_command:Invoking command in '/home/alyssa/ros2_town/build/village_wang': AMENT_PREFIX_PATH=/home/alyssa/ros2_town/install/village_interfaces:${AMENT_PREFIX_PATH} CMAKE_PREFIX_PATH=/home/alyssa/ros2_town/install/village_interfaces:/opt/ros/foxy LD_LIBRARY_PATH=/home/alyssa/ros2_town/install/village_interfaces/lib:/opt/MVS/lib/64:/opt/MVS/lib/32:/opt/MVS/lib/64:/opt/MVS/lib/32:/usr/lib/x86_64-linux-gnu/gazebo-11/plugins:/opt/ros/foxy/opt/yaml_cpp_vendor/lib:/opt/ros/foxy/opt/rviz_ogre_vendor/lib:/opt/ros/foxy/lib/x86_64-linux-gnu:/opt/ros/foxy/lib:/opt/MVS/lib/64:/opt/MVS/lib/32:/opt/MVS/lib/64:/opt/MVS/lib/32 PYTHONPATH=/home/alyssa/ros2_town/install/village_interfaces/lib/python3.8/site-packages:${PYTHONPATH} /usr/bin/cmake --build /home/alyssa/ros2_town/build/village_wang -- -j8 -l8
[0.740s] DEBUG:colcon.colcon_core.event_handler.log_command:Invoking command in '/home/alyssa/ros2_town/build/village_zhang': AMENT_PREFIX_PATH=/home/alyssa/ros2_town/install/village_interfaces:${AMENT_PREFIX_PATH} CMAKE_PREFIX_PATH=/home/alyssa/ros2_town/install/village_interfaces:/opt/ros/foxy LD_LIBRARY_PATH=/home/alyssa/ros2_town/install/village_interfaces/lib:/opt/MVS/lib/64:/opt/MVS/lib/32:/opt/MVS/lib/64:/opt/MVS/lib/32:/usr/lib/x86_64-linux-gnu/gazebo-11/plugins:/opt/ros/foxy/opt/yaml_cpp_vendor/lib:/opt/ros/foxy/opt/rviz_ogre_vendor/lib:/opt/ros/foxy/lib/x86_64-linux-gnu:/opt/ros/foxy/lib:/opt/MVS/lib/64:/opt/MVS/lib/32:/opt/MVS/lib/64:/opt/MVS/lib/32 PYTHONPATH=/home/alyssa/ros2_town/install/village_interfaces/lib/python3.8/site-packages:${PYTHONPATH} /usr/bin/cmake --build /home/alyssa/ros2_town/build/village_zhang -- -j8 -l8
[0.742s] DEBUG:colcon.colcon_core.event_handler.log_command:Invoking command in '/home/alyssa/ros2_town/village_li': AMENT_PREFIX_PATH=/home/alyssa/ros2_town/install/village_interfaces:${AMENT_PREFIX_PATH} CMAKE_PREFIX_PATH=/home/alyssa/ros2_town/install/village_interfaces LD_LIBRARY_PATH=/home/alyssa/ros2_town/install/village_interfaces/lib:/opt/MVS/lib/64:/opt/MVS/lib/32:/opt/MVS/lib/64:/opt/MVS/lib/32:/usr/lib/x86_64-linux-gnu/gazebo-11/plugins:/opt/ros/foxy/opt/yaml_cpp_vendor/lib:/opt/ros/foxy/opt/rviz_ogre_vendor/lib:/opt/ros/foxy/lib/x86_64-linux-gnu:/opt/ros/foxy/lib:/opt/MVS/lib/64:/opt/MVS/lib/32:/opt/MVS/lib/64:/opt/MVS/lib/32 PYTHONPATH=/home/alyssa/ros2_town/install/village_li/lib/python3.8/site-packages:/home/alyssa/ros2_town/install/village_interfaces/lib/python3.8/site-packages:${PYTHONPATH} /usr/bin/python3 setup.py egg_info --egg-base ../build/village_li build --build-base /home/alyssa/ros2_town/build/village_li/build install --prefix /home/alyssa/ros2_town/install/village_li --record /home/alyssa/ros2_town/build/village_li/install.log --single-version-externally-managed
[0.783s] DEBUG:colcon.colcon_core.event_handler.log_command:Invoked command in '/home/alyssa/ros2_town/build/village_wang' returned '0': AMENT_PREFIX_PATH=/home/alyssa/ros2_town/install/village_interfaces:${AMENT_PREFIX_PATH} CMAKE_PREFIX_PATH=/home/alyssa/ros2_town/install/village_interfaces:/opt/ros/foxy LD_LIBRARY_PATH=/home/alyssa/ros2_town/install/village_interfaces/lib:/opt/MVS/lib/64:/opt/MVS/lib/32:/opt/MVS/lib/64:/opt/MVS/lib/32:/usr/lib/x86_64-linux-gnu/gazebo-11/plugins:/opt/ros/foxy/opt/yaml_cpp_vendor/lib:/opt/ros/foxy/opt/rviz_ogre_vendor/lib:/opt/ros/foxy/lib/x86_64-linux-gnu:/opt/ros/foxy/lib:/opt/MVS/lib/64:/opt/MVS/lib/32:/opt/MVS/lib/64:/opt/MVS/lib/32 PYTHONPATH=/home/alyssa/ros2_town/install/village_interfaces/lib/python3.8/site-packages:${PYTHONPATH} /usr/bin/cmake --build /home/alyssa/ros2_town/build/village_wang -- -j8 -l8
[0.788s] DEBUG:colcon.colcon_core.event_handler.log_command:Invoked command in '/home/alyssa/ros2_town/build/village_zhang' returned '0': AMENT_PREFIX_PATH=/home/alyssa/ros2_town/install/village_interfaces:${AMENT_PREFIX_PATH} CMAKE_PREFIX_PATH=/home/alyssa/ros2_town/install/village_interfaces:/opt/ros/foxy LD_LIBRARY_PATH=/home/alyssa/ros2_town/install/village_interfaces/lib:/opt/MVS/lib/64:/opt/MVS/lib/32:/opt/MVS/lib/64:/opt/MVS/lib/32:/usr/lib/x86_64-linux-gnu/gazebo-11/plugins:/opt/ros/foxy/opt/yaml_cpp_vendor/lib:/opt/ros/foxy/opt/rviz_ogre_vendor/lib:/opt/ros/foxy/lib/x86_64-linux-gnu:/opt/ros/foxy/lib:/opt/MVS/lib/64:/opt/MVS/lib/32:/opt/MVS/lib/64:/opt/MVS/lib/32 PYTHONPATH=/home/alyssa/ros2_town/install/village_interfaces/lib/python3.8/site-packages:${PYTHONPATH} /usr/bin/cmake --build /home/alyssa/ros2_town/build/village_zhang -- -j8 -l8
[0.802s] DEBUG:colcon.colcon_core.event_handler.log_command:Invoking command in '/home/alyssa/ros2_town/build/village_wang': AMENT_PREFIX_PATH=/home/alyssa/ros2_town/install/village_interfaces:${AMENT_PREFIX_PATH} CMAKE_PREFIX_PATH=/home/alyssa/ros2_town/install/village_interfaces:/opt/ros/foxy LD_LIBRARY_PATH=/home/alyssa/ros2_town/install/village_interfaces/lib:/opt/MVS/lib/64:/opt/MVS/lib/32:/opt/MVS/lib/64:/opt/MVS/lib/32:/usr/lib/x86_64-linux-gnu/gazebo-11/plugins:/opt/ros/foxy/opt/yaml_cpp_vendor/lib:/opt/ros/foxy/opt/rviz_ogre_vendor/lib:/opt/ros/foxy/lib/x86_64-linux-gnu:/opt/ros/foxy/lib:/opt/MVS/lib/64:/opt/MVS/lib/32:/opt/MVS/lib/64:/opt/MVS/lib/32 PYTHONPATH=/home/alyssa/ros2_town/install/village_interfaces/lib/python3.8/site-packages:${PYTHONPATH} /usr/bin/cmake --install /home/alyssa/ros2_town/build/village_wang
[0.806s] DEBUG:colcon.colcon_core.event_handler.log_command:Invoking command in '/home/alyssa/ros2_town/build/village_zhang': AMENT_PREFIX_PATH=/home/alyssa/ros2_town/install/village_interfaces:${AMENT_PREFIX_PATH} CMAKE_PREFIX_PATH=/home/alyssa/ros2_town/install/village_interfaces:/opt/ros/foxy LD_LIBRARY_PATH=/home/alyssa/ros2_town/install/village_interfaces/lib:/opt/MVS/lib/64:/opt/MVS/lib/32:/opt/MVS/lib/64:/opt/MVS/lib/32:/usr/lib/x86_64-linux-gnu/gazebo-11/plugins:/opt/ros/foxy/opt/yaml_cpp_vendor/lib:/opt/ros/foxy/opt/rviz_ogre_vendor/lib:/opt/ros/foxy/lib/x86_64-linux-gnu:/opt/ros/foxy/lib:/opt/MVS/lib/64:/opt/MVS/lib/32:/opt/MVS/lib/64:/opt/MVS/lib/32 PYTHONPATH=/home/alyssa/ros2_town/install/village_interfaces/lib/python3.8/site-packages:${PYTHONPATH} /usr/bin/cmake --install /home/alyssa/ros2_town/build/village_zhang
[0.810s] Level 1:colcon.colcon_core.environment:create_environment_scripts_only(village_wang)
[0.811s] Level 1:colcon.colcon_core.environment:checking '/home/alyssa/ros2_town/install/village_wang' for CMake module files
[0.811s] DEBUG:colcon.colcon_core.event_handler.log_command:Invoked command in '/home/alyssa/ros2_town/build/village_wang' returned '0': AMENT_PREFIX_PATH=/home/alyssa/ros2_town/install/village_interfaces:${AMENT_PREFIX_PATH} CMAKE_PREFIX_PATH=/home/alyssa/ros2_town/install/village_interfaces:/opt/ros/foxy LD_LIBRARY_PATH=/home/alyssa/ros2_town/install/village_interfaces/lib:/opt/MVS/lib/64:/opt/MVS/lib/32:/opt/MVS/lib/64:/opt/MVS/lib/32:/usr/lib/x86_64-linux-gnu/gazebo-11/plugins:/opt/ros/foxy/opt/yaml_cpp_vendor/lib:/opt/ros/foxy/opt/rviz_ogre_vendor/lib:/opt/ros/foxy/lib/x86_64-linux-gnu:/opt/ros/foxy/lib:/opt/MVS/lib/64:/opt/MVS/lib/32:/opt/MVS/lib/64:/opt/MVS/lib/32 PYTHONPATH=/home/alyssa/ros2_town/install/village_interfaces/lib/python3.8/site-packages:${PYTHONPATH} /usr/bin/cmake --install /home/alyssa/ros2_town/build/village_wang
[0.811s] Level 1:colcon.colcon_core.environment:checking '/home/alyssa/ros2_town/install/village_wang' for CMake config files
[0.812s] Level 1:colcon.colcon_core.shell:create_environment_hook('village_wang', 'cmake_prefix_path')
[0.812s] INFO:colcon.colcon_core.shell:Creating environment hook '/home/alyssa/ros2_town/install/village_wang/share/village_wang/hook/cmake_prefix_path.ps1'
[0.813s] INFO:colcon.colcon_core.shell:Creating environment descriptor '/home/alyssa/ros2_town/install/village_wang/share/village_wang/hook/cmake_prefix_path.dsv'
[0.813s] INFO:colcon.colcon_core.shell:Creating environment hook '/home/alyssa/ros2_town/install/village_wang/share/village_wang/hook/cmake_prefix_path.sh'
[0.814s] Level 1:colcon.colcon_core.environment:checking '/home/alyssa/ros2_town/install/village_wang/lib'
[0.814s] Level 1:colcon.colcon_core.environment:checking '/home/alyssa/ros2_town/install/village_wang/bin'
[0.814s] Level 1:colcon.colcon_core.environment:checking '/home/alyssa/ros2_town/install/village_wang/lib/pkgconfig/village_wang.pc'
[0.814s] Level 1:colcon.colcon_core.environment:checking '/home/alyssa/ros2_town/install/village_wang/lib/python3.8/site-packages'
[0.815s] INFO:colcon.colcon_core.shell:Creating package script '/home/alyssa/ros2_town/install/village_wang/share/village_wang/package.ps1'
[0.815s] INFO:colcon.colcon_core.shell:Creating package descriptor '/home/alyssa/ros2_town/install/village_wang/share/village_wang/package.dsv'
[0.816s] INFO:colcon.colcon_core.shell:Creating package script '/home/alyssa/ros2_town/install/village_wang/share/village_wang/package.sh'
[0.816s] INFO:colcon.colcon_core.shell:Creating package script '/home/alyssa/ros2_town/install/village_wang/share/village_wang/package.bash'
[0.816s] INFO:colcon.colcon_core.shell:Creating package script '/home/alyssa/ros2_town/install/village_wang/share/village_wang/package.zsh'
[0.816s] Level 1:colcon.colcon_core.environment:create_file_with_runtime_dependencies(/home/alyssa/ros2_town/install/village_wang/share/colcon-core/packages/village_wang)
[0.819s] Level 1:colcon.colcon_core.environment:create_environment_scripts_only(village_zhang)
[0.820s] Level 1:colcon.colcon_core.environment:checking '/home/alyssa/ros2_town/install/village_zhang' for CMake module files
[0.820s] DEBUG:colcon.colcon_core.event_handler.log_command:Invoked command in '/home/alyssa/ros2_town/build/village_zhang' returned '0': AMENT_PREFIX_PATH=/home/alyssa/ros2_town/install/village_interfaces:${AMENT_PREFIX_PATH} CMAKE_PREFIX_PATH=/home/alyssa/ros2_town/install/village_interfaces:/opt/ros/foxy LD_LIBRARY_PATH=/home/alyssa/ros2_town/install/village_interfaces/lib:/opt/MVS/lib/64:/opt/MVS/lib/32:/opt/MVS/lib/64:/opt/MVS/lib/32:/usr/lib/x86_64-linux-gnu/gazebo-11/plugins:/opt/ros/foxy/opt/yaml_cpp_vendor/lib:/opt/ros/foxy/opt/rviz_ogre_vendor/lib:/opt/ros/foxy/lib/x86_64-linux-gnu:/opt/ros/foxy/lib:/opt/MVS/lib/64:/opt/MVS/lib/32:/opt/MVS/lib/64:/opt/MVS/lib/32 PYTHONPATH=/home/alyssa/ros2_town/install/village_interfaces/lib/python3.8/site-packages:${PYTHONPATH} /usr/bin/cmake --install /home/alyssa/ros2_town/build/village_zhang
[0.820s] Level 1:colcon.colcon_core.environment:checking '/home/alyssa/ros2_town/install/village_zhang' for CMake config files
[0.820s] Level 1:colcon.colcon_core.shell:create_environment_hook('village_zhang', 'cmake_prefix_path')
[0.821s] INFO:colcon.colcon_core.shell:Creating environment hook '/home/alyssa/ros2_town/install/village_zhang/share/village_zhang/hook/cmake_prefix_path.ps1'
[0.821s] INFO:colcon.colcon_core.shell:Creating environment descriptor '/home/alyssa/ros2_town/install/village_zhang/share/village_zhang/hook/cmake_prefix_path.dsv'
[0.821s] INFO:colcon.colcon_core.shell:Creating environment hook '/home/alyssa/ros2_town/install/village_zhang/share/village_zhang/hook/cmake_prefix_path.sh'
[0.822s] Level 1:colcon.colcon_core.environment:checking '/home/alyssa/ros2_town/install/village_zhang/lib'
[0.822s] Level 1:colcon.colcon_core.environment:checking '/home/alyssa/ros2_town/install/village_zhang/bin'
[0.822s] Level 1:colcon.colcon_core.environment:checking '/home/alyssa/ros2_town/install/village_zhang/lib/pkgconfig/village_zhang.pc'
[0.822s] Level 1:colcon.colcon_core.environment:checking '/home/alyssa/ros2_town/install/village_zhang/lib/python3.8/site-packages'
[0.822s] INFO:colcon.colcon_core.shell:Creating package script '/home/alyssa/ros2_town/install/village_zhang/share/village_zhang/package.ps1'
[0.823s] INFO:colcon.colcon_core.shell:Creating package descriptor '/home/alyssa/ros2_town/install/village_zhang/share/village_zhang/package.dsv'
[0.823s] INFO:colcon.colcon_core.shell:Creating package script '/home/alyssa/ros2_town/install/village_zhang/share/village_zhang/package.sh'
[0.823s] INFO:colcon.colcon_core.shell:Creating package script '/home/alyssa/ros2_town/install/village_zhang/share/village_zhang/package.bash'
[0.824s] INFO:colcon.colcon_core.shell:Creating package script '/home/alyssa/ros2_town/install/village_zhang/share/village_zhang/package.zsh'
[0.824s] Level 1:colcon.colcon_core.environment:create_file_with_runtime_dependencies(/home/alyssa/ros2_town/install/village_zhang/share/colcon-core/packages/village_zhang)
[0.834s] Level 1:colcon.colcon_core.environment:create_environment_scripts_only(village_wang)
[0.835s] Level 1:colcon.colcon_core.environment:checking '/home/alyssa/ros2_town/install/village_wang' for CMake module files
[0.835s] Level 1:colcon.colcon_core.environment:checking '/home/alyssa/ros2_town/install/village_wang' for CMake config files
[0.835s] Level 1:colcon.colcon_core.shell:create_environment_hook('village_wang', 'cmake_prefix_path')
[0.836s] INFO:colcon.colcon_core.shell:Creating environment hook '/home/alyssa/ros2_town/install/village_wang/share/village_wang/hook/cmake_prefix_path.ps1'
[0.836s] INFO:colcon.colcon_core.shell:Creating environment descriptor '/home/alyssa/ros2_town/install/village_wang/share/village_wang/hook/cmake_prefix_path.dsv'
[0.837s] INFO:colcon.colcon_core.shell:Creating environment hook '/home/alyssa/ros2_town/install/village_wang/share/village_wang/hook/cmake_prefix_path.sh'
[0.837s] Level 1:colcon.colcon_core.environment:checking '/home/alyssa/ros2_town/install/village_wang/lib'
[0.837s] Level 1:colcon.colcon_core.environment:checking '/home/alyssa/ros2_town/install/village_wang/bin'
[0.837s] Level 1:colcon.colcon_core.environment:checking '/home/alyssa/ros2_town/install/village_wang/lib/pkgconfig/village_wang.pc'
[0.837s] Level 1:colcon.colcon_core.environment:checking '/home/alyssa/ros2_town/install/village_wang/lib/python3.8/site-packages'
[0.838s] INFO:colcon.colcon_core.shell:Creating package script '/home/alyssa/ros2_town/install/village_wang/share/village_wang/package.ps1'
[0.838s] INFO:colcon.colcon_core.shell:Creating package descriptor '/home/alyssa/ros2_town/install/village_wang/share/village_wang/package.dsv'
[0.839s] INFO:colcon.colcon_core.shell:Creating package script '/home/alyssa/ros2_town/install/village_wang/share/village_wang/package.sh'
[0.839s] INFO:colcon.colcon_core.shell:Creating package script '/home/alyssa/ros2_town/install/village_wang/share/village_wang/package.bash'
[0.839s] INFO:colcon.colcon_core.shell:Creating package script '/home/alyssa/ros2_town/install/village_wang/share/village_wang/package.zsh'
[0.840s] Level 1:colcon.colcon_core.environment:create_file_with_runtime_dependencies(/home/alyssa/ros2_town/install/village_wang/share/colcon-core/packages/village_wang)
[0.841s] Level 1:colcon.colcon_core.environment:create_environment_scripts_only(village_zhang)
[0.842s] Level 1:colcon.colcon_core.environment:checking '/home/alyssa/ros2_town/install/village_zhang' for CMake module files
[0.843s] Level 1:colcon.colcon_core.environment:checking '/home/alyssa/ros2_town/install/village_zhang' for CMake config files
[0.843s] Level 1:colcon.colcon_core.shell:create_environment_hook('village_zhang', 'cmake_prefix_path')
[0.843s] INFO:colcon.colcon_core.shell:Creating environment hook '/home/alyssa/ros2_town/install/village_zhang/share/village_zhang/hook/cmake_prefix_path.ps1'
[0.843s] INFO:colcon.colcon_core.shell:Creating environment descriptor '/home/alyssa/ros2_town/install/village_zhang/share/village_zhang/hook/cmake_prefix_path.dsv'
[0.844s] INFO:colcon.colcon_core.shell:Creating environment hook '/home/alyssa/ros2_town/install/village_zhang/share/village_zhang/hook/cmake_prefix_path.sh'
[0.844s] Level 1:colcon.colcon_core.environment:checking '/home/alyssa/ros2_town/install/village_zhang/lib'
[0.844s] Level 1:colcon.colcon_core.environment:checking '/home/alyssa/ros2_town/install/village_zhang/bin'
[0.844s] Level 1:colcon.colcon_core.environment:checking '/home/alyssa/ros2_town/install/village_zhang/lib/pkgconfig/village_zhang.pc'
[0.844s] Level 1:colcon.colcon_core.environment:checking '/home/alyssa/ros2_town/install/village_zhang/lib/python3.8/site-packages'
[0.845s] INFO:colcon.colcon_core.shell:Creating package script '/home/alyssa/ros2_town/install/village_zhang/share/village_zhang/package.ps1'
[0.845s] INFO:colcon.colcon_core.shell:Creating package descriptor '/home/alyssa/ros2_town/install/village_zhang/share/village_zhang/package.dsv'
[0.845s] INFO:colcon.colcon_core.shell:Creating package script '/home/alyssa/ros2_town/install/village_zhang/share/village_zhang/package.sh'
[0.845s] INFO:colcon.colcon_core.shell:Creating package script '/home/alyssa/ros2_town/install/village_zhang/share/village_zhang/package.bash'
[0.846s] INFO:colcon.colcon_core.shell:Creating package script '/home/alyssa/ros2_town/install/village_zhang/share/village_zhang/package.zsh'
[0.846s] Level 1:colcon.colcon_core.environment:create_file_with_runtime_dependencies(/home/alyssa/ros2_town/install/village_zhang/share/colcon-core/packages/village_zhang)
[0.970s] Level 1:colcon.colcon_core.environment:checking '/home/alyssa/ros2_town/install/village_li' for CMake module files
[0.970s] DEBUG:colcon.colcon_core.event_handler.log_command:Invoked command in '/home/alyssa/ros2_town/village_li' returned '0': AMENT_PREFIX_PATH=/home/alyssa/ros2_town/install/village_interfaces:${AMENT_PREFIX_PATH} CMAKE_PREFIX_PATH=/home/alyssa/ros2_town/install/village_interfaces LD_LIBRARY_PATH=/home/alyssa/ros2_town/install/village_interfaces/lib:/opt/MVS/lib/64:/opt/MVS/lib/32:/opt/MVS/lib/64:/opt/MVS/lib/32:/usr/lib/x86_64-linux-gnu/gazebo-11/plugins:/opt/ros/foxy/opt/yaml_cpp_vendor/lib:/opt/ros/foxy/opt/rviz_ogre_vendor/lib:/opt/ros/foxy/lib/x86_64-linux-gnu:/opt/ros/foxy/lib:/opt/MVS/lib/64:/opt/MVS/lib/32:/opt/MVS/lib/64:/opt/MVS/lib/32 PYTHONPATH=/home/alyssa/ros2_town/install/village_li/lib/python3.8/site-packages:/home/alyssa/ros2_town/install/village_interfaces/lib/python3.8/site-packages:${PYTHONPATH} /usr/bin/python3 setup.py egg_info --egg-base ../build/village_li build --build-base /home/alyssa/ros2_town/build/village_li/build install --prefix /home/alyssa/ros2_town/install/village_li --record /home/alyssa/ros2_town/build/village_li/install.log --single-version-externally-managed
[0.970s] Level 1:colcon.colcon_core.environment:checking '/home/alyssa/ros2_town/install/village_li' for CMake config files
[0.971s] Level 1:colcon.colcon_core.environment:checking '/home/alyssa/ros2_town/install/village_li/lib'
[0.971s] Level 1:colcon.colcon_core.environment:checking '/home/alyssa/ros2_town/install/village_li/bin'
[0.971s] Level 1:colcon.colcon_core.environment:checking '/home/alyssa/ros2_town/install/village_li/lib/pkgconfig/village_li.pc'
[0.971s] Level 1:colcon.colcon_core.environment:checking '/home/alyssa/ros2_town/install/village_li/lib/python3.8/site-packages'
[0.971s] Level 1:colcon.colcon_core.shell:create_environment_hook('village_li', 'pythonpath')
[0.972s] INFO:colcon.colcon_core.shell:Creating environment hook '/home/alyssa/ros2_town/install/village_li/share/village_li/hook/pythonpath.ps1'
[0.972s] INFO:colcon.colcon_core.shell:Creating environment descriptor '/home/alyssa/ros2_town/install/village_li/share/village_li/hook/pythonpath.dsv'
[0.972s] INFO:colcon.colcon_core.shell:Creating environment hook '/home/alyssa/ros2_town/install/village_li/share/village_li/hook/pythonpath.sh'
[0.973s] Level 1:colcon.colcon_core.environment:create_environment_scripts_only(village_li)
[0.974s] INFO:colcon.colcon_core.shell:Creating package script '/home/alyssa/ros2_town/install/village_li/share/village_li/package.ps1'
[0.974s] INFO:colcon.colcon_core.shell:Creating package descriptor '/home/alyssa/ros2_town/install/village_li/share/village_li/package.dsv'
[0.975s] INFO:colcon.colcon_core.shell:Creating package script '/home/alyssa/ros2_town/install/village_li/share/village_li/package.sh'
[0.975s] INFO:colcon.colcon_core.shell:Creating package script '/home/alyssa/ros2_town/install/village_li/share/village_li/package.bash'
[0.975s] INFO:colcon.colcon_core.shell:Creating package script '/home/alyssa/ros2_town/install/village_li/share/village_li/package.zsh'
[0.975s] Level 1:colcon.colcon_core.environment:create_file_with_runtime_dependencies(/home/alyssa/ros2_town/install/village_li/share/colcon-core/packages/village_li)
[0.976s] DEBUG:colcon.colcon_parallel_executor.executor.parallel:closing loop
[0.976s] DEBUG:colcon.colcon_parallel_executor.executor.parallel:loop closed
[0.976s] DEBUG:colcon.colcon_parallel_executor.executor.parallel:run_until_complete finished with '0'
[0.976s] DEBUG:colcon.colcon_core.event_reactor:joining thread
[0.981s] INFO:colcon.colcon_core.plugin_system:Skipping extension 'colcon_notification.desktop_notification.terminal_notifier': Not used on non-Darwin systems
[0.982s] INFO:colcon.colcon_core.plugin_system:Skipping extension 'colcon_notification.desktop_notification.win32': Not used on non-Windows systems
[0.982s] INFO:colcon.colcon_notification.desktop_notification:Sending desktop notification using 'notify2'
[0.995s] DEBUG:colcon.colcon_core.event_reactor:joined thread
[0.996s] INFO:colcon.colcon_core.shell:Creating prefix script '/home/alyssa/ros2_town/install/local_setup.ps1'
[0.997s] INFO:colcon.colcon_core.shell:Creating prefix util module '/home/alyssa/ros2_town/install/_local_setup_util_ps1.py'
[0.998s] INFO:colcon.colcon_core.shell:Creating prefix chain script '/home/alyssa/ros2_town/install/setup.ps1'
[1.001s] INFO:colcon.colcon_core.shell:Creating prefix script '/home/alyssa/ros2_town/install/local_setup.sh'
[1.001s] INFO:colcon.colcon_core.shell:Creating prefix util module '/home/alyssa/ros2_town/install/_local_setup_util_sh.py'
[1.002s] INFO:colcon.colcon_core.shell:Creating prefix chain script '/home/alyssa/ros2_town/install/setup.sh'
[1.004s] INFO:colcon.colcon_core.shell:Creating prefix script '/home/alyssa/ros2_town/install/local_setup.bash'
[1.004s] INFO:colcon.colcon_core.shell:Creating prefix chain script '/home/alyssa/ros2_town/install/setup.bash'
[1.007s] INFO:colcon.colcon_core.shell:Creating prefix script '/home/alyssa/ros2_town/install/local_setup.zsh'
[1.007s] INFO:colcon.colcon_core.shell:Creating prefix chain script '/home/alyssa/ros2_town/install/setup.zsh'
