running egg_info
writing ../build/village_li/village_li.egg-info/PKG-INFO
writing dependency_links to ../build/village_li/village_li.egg-info/dependency_links.txt
writing entry points to ../build/village_li/village_li.egg-info/entry_points.txt
writing requirements to ../build/village_li/village_li.egg-info/requires.txt
writing top-level names to ../build/village_li/village_li.egg-info/top_level.txt
reading manifest file '../build/village_li/village_li.egg-info/SOURCES.txt'
writing manifest file '../build/village_li/village_li.egg-info/SOURCES.txt'
running build
running build_py
running install
running install_lib
byte-compiling /home/alyssa/ros2_town/install/village_li/lib/python3.8/site-packages/village_li/li4.py to li4.cpython-38.pyc
running install_data
running install_egg_info
removing '/home/alyssa/ros2_town/install/village_li/lib/python3.8/site-packages/village_li-0.0.0-py3.8.egg-info' (and everything under it)
Copying ../build/village_li/village_li.egg-info to /home/alyssa/ros2_town/install/village_li/lib/python3.8/site-packages/village_li-0.0.0-py3.8.egg-info
running install_scripts
Installing li3_node script to /home/alyssa/ros2_town/install/village_li/lib/village_li
Installing li4_node script to /home/alyssa/ros2_town/install/village_li/lib/village_li
writing list of installed files to '/home/alyssa/ros2_town/build/village_li/install.log'
