[0.195s] Invoking command in '/home/alyssa/ros2_town/village_li': AMENT_PREFIX_PATH=/home/alyssa/ros2_town/install/village_interfaces:${AMENT_PREFIX_PATH} CMAKE_PREFIX_PATH=/home/alyssa/ros2_town/install/village_interfaces LD_LIBRARY_PATH=/home/alyssa/ros2_town/install/village_interfaces/lib:/opt/MVS/lib/64:/opt/MVS/lib/32:/opt/MVS/lib/64:/opt/MVS/lib/32:/usr/lib/x86_64-linux-gnu/gazebo-11/plugins:/opt/ros/foxy/opt/yaml_cpp_vendor/lib:/opt/ros/foxy/opt/rviz_ogre_vendor/lib:/opt/ros/foxy/lib/x86_64-linux-gnu:/opt/ros/foxy/lib:/opt/MVS/lib/64:/opt/MVS/lib/32:/opt/MVS/lib/64:/opt/MVS/lib/32 PYTHONPATH=/home/alyssa/ros2_town/install/village_li/lib/python3.8/site-packages:/home/alyssa/ros2_town/install/village_interfaces/lib/python3.8/site-packages:${PYTHONPATH} /usr/bin/python3 setup.py egg_info --egg-base ../build/village_li build --build-base /home/alyssa/ros2_town/build/village_li/build install --prefix /home/alyssa/ros2_town/install/village_li --record /home/alyssa/ros2_town/build/village_li/install.log --single-version-externally-managed
[0.339s] /home/alyssa/.local/lib/python3.8/site-packages/setuptools/dist.py:697: UserWarning: Usage of dash-separated 'install-scripts' will not be supported in future versions. Please use the underscore name 'install_scripts' instead
[0.340s]   warnings.warn(
[0.369s] running egg_info
[0.369s] creating ../build/village_li/village_li.egg-info
[0.369s] writing ../build/village_li/village_li.egg-info/PKG-INFO
[0.369s] writing dependency_links to ../build/village_li/village_li.egg-info/dependency_links.txt
[0.370s] writing entry points to ../build/village_li/village_li.egg-info/entry_points.txt
[0.370s] writing requirements to ../build/village_li/village_li.egg-info/requires.txt
[0.370s] writing top-level names to ../build/village_li/village_li.egg-info/top_level.txt
[0.371s] writing manifest file '../build/village_li/village_li.egg-info/SOURCES.txt'
[0.399s] reading manifest file '../build/village_li/village_li.egg-info/SOURCES.txt'
[0.399s] writing manifest file '../build/village_li/village_li.egg-info/SOURCES.txt'
[0.399s] running build
[0.399s] running build_py
[0.399s] creating /home/alyssa/ros2_town/build/village_li/build
[0.400s] creating /home/alyssa/ros2_town/build/village_li/build/lib
[0.400s] creating /home/alyssa/ros2_town/build/village_li/build/lib/village_li
[0.400s] copying village_li/li3.py -> /home/alyssa/ros2_town/build/village_li/build/lib/village_li
[0.400s] copying village_li/__init__.py -> /home/alyssa/ros2_town/build/village_li/build/lib/village_li
[0.400s] copying village_li/li4.py -> /home/alyssa/ros2_town/build/village_li/build/lib/village_li
[0.400s] running install
[0.400s] running install_lib
[0.401s] creating /home/alyssa/ros2_town/install/village_li/lib/python3.8/site-packages/village_li
[0.401s] copying /home/alyssa/ros2_town/build/village_li/build/lib/village_li/li3.py -> /home/alyssa/ros2_town/install/village_li/lib/python3.8/site-packages/village_li
[0.401s] copying /home/alyssa/ros2_town/build/village_li/build/lib/village_li/__init__.py -> /home/alyssa/ros2_town/install/village_li/lib/python3.8/site-packages/village_li
[0.401s] copying /home/alyssa/ros2_town/build/village_li/build/lib/village_li/li4.py -> /home/alyssa/ros2_town/install/village_li/lib/python3.8/site-packages/village_li
[0.402s] byte-compiling /home/alyssa/ros2_town/install/village_li/lib/python3.8/site-packages/village_li/li3.py to li3.cpython-38.pyc
[0.402s] byte-compiling /home/alyssa/ros2_town/install/village_li/lib/python3.8/site-packages/village_li/__init__.py to __init__.cpython-38.pyc
[0.402s] byte-compiling /home/alyssa/ros2_town/install/village_li/lib/python3.8/site-packages/village_li/li4.py to li4.cpython-38.pyc
[0.403s] running install_data
[0.403s] creating /home/alyssa/ros2_town/install/village_li/share/ament_index
[0.404s] creating /home/alyssa/ros2_town/install/village_li/share/ament_index/resource_index
[0.404s] creating /home/alyssa/ros2_town/install/village_li/share/ament_index/resource_index/packages
[0.404s] copying resource/village_li -> /home/alyssa/ros2_town/install/village_li/share/ament_index/resource_index/packages
[0.404s] copying package.xml -> /home/alyssa/ros2_town/install/village_li/share/village_li
[0.404s] running install_egg_info
[0.406s] Copying ../build/village_li/village_li.egg-info to /home/alyssa/ros2_town/install/village_li/lib/python3.8/site-packages/village_li-0.0.0-py3.8.egg-info
[0.406s] running install_scripts
[0.419s] Installing li3_node script to /home/alyssa/ros2_town/install/village_li/lib/village_li
[0.420s] Installing li4_node script to /home/alyssa/ros2_town/install/village_li/lib/village_li
[0.420s] writing list of installed files to '/home/alyssa/ros2_town/build/village_li/install.log'
[0.449s] Invoked command in '/home/alyssa/ros2_town/village_li' returned '0': AMENT_PREFIX_PATH=/home/alyssa/ros2_town/install/village_interfaces:${AMENT_PREFIX_PATH} CMAKE_PREFIX_PATH=/home/alyssa/ros2_town/install/village_interfaces LD_LIBRARY_PATH=/home/alyssa/ros2_town/install/village_interfaces/lib:/opt/MVS/lib/64:/opt/MVS/lib/32:/opt/MVS/lib/64:/opt/MVS/lib/32:/usr/lib/x86_64-linux-gnu/gazebo-11/plugins:/opt/ros/foxy/opt/yaml_cpp_vendor/lib:/opt/ros/foxy/opt/rviz_ogre_vendor/lib:/opt/ros/foxy/lib/x86_64-linux-gnu:/opt/ros/foxy/lib:/opt/MVS/lib/64:/opt/MVS/lib/32:/opt/MVS/lib/64:/opt/MVS/lib/32 PYTHONPATH=/home/alyssa/ros2_town/install/village_li/lib/python3.8/site-packages:/home/alyssa/ros2_town/install/village_interfaces/lib/python3.8/site-packages:${PYTHONPATH} /usr/bin/python3 setup.py egg_info --egg-base ../build/village_li build --build-base /home/alyssa/ros2_town/build/village_li/build install --prefix /home/alyssa/ros2_town/install/village_li --record /home/alyssa/ros2_town/build/village_li/install.log --single-version-externally-managed
