[0.180s] Invoking command in '/home/alyssa/ros2_town/build/village_wang': AMENT_PREFIX_PATH=/home/alyssa/ros2_town/install/village_interfaces:${AMENT_PREFIX_PATH} CMAKE_PREFIX_PATH=/home/alyssa/ros2_town/install/village_interfaces:/opt/ros/foxy LD_LIBRARY_PATH=/home/alyssa/ros2_town/install/village_interfaces/lib:/opt/MVS/lib/64:/opt/MVS/lib/32:/opt/MVS/lib/64:/opt/MVS/lib/32:/usr/lib/x86_64-linux-gnu/gazebo-11/plugins:/opt/ros/foxy/opt/yaml_cpp_vendor/lib:/opt/ros/foxy/opt/rviz_ogre_vendor/lib:/opt/ros/foxy/lib/x86_64-linux-gnu:/opt/ros/foxy/lib:/opt/MVS/lib/64:/opt/MVS/lib/32:/opt/MVS/lib/64:/opt/MVS/lib/32 PYTHONPATH=/home/alyssa/ros2_town/install/village_interfaces/lib/python3.8/site-packages:${PYTHONPATH} /usr/bin/cmake --build /home/alyssa/ros2_town/build/village_wang -- -j8 -l8
[0.220s] [100%] Built target wang2_node
[0.228s] Invoked command in '/home/alyssa/ros2_town/build/village_wang' returned '0': AMENT_PREFIX_PATH=/home/alyssa/ros2_town/install/village_interfaces:${AMENT_PREFIX_PATH} CMAKE_PREFIX_PATH=/home/alyssa/ros2_town/install/village_interfaces:/opt/ros/foxy LD_LIBRARY_PATH=/home/alyssa/ros2_town/install/village_interfaces/lib:/opt/MVS/lib/64:/opt/MVS/lib/32:/opt/MVS/lib/64:/opt/MVS/lib/32:/usr/lib/x86_64-linux-gnu/gazebo-11/plugins:/opt/ros/foxy/opt/yaml_cpp_vendor/lib:/opt/ros/foxy/opt/rviz_ogre_vendor/lib:/opt/ros/foxy/lib/x86_64-linux-gnu:/opt/ros/foxy/lib:/opt/MVS/lib/64:/opt/MVS/lib/32:/opt/MVS/lib/64:/opt/MVS/lib/32 PYTHONPATH=/home/alyssa/ros2_town/install/village_interfaces/lib/python3.8/site-packages:${PYTHONPATH} /usr/bin/cmake --build /home/alyssa/ros2_town/build/village_wang -- -j8 -l8
[0.246s] Invoking command in '/home/alyssa/ros2_town/build/village_wang': AMENT_PREFIX_PATH=/home/alyssa/ros2_town/install/village_interfaces:${AMENT_PREFIX_PATH} CMAKE_PREFIX_PATH=/home/alyssa/ros2_town/install/village_interfaces:/opt/ros/foxy LD_LIBRARY_PATH=/home/alyssa/ros2_town/install/village_interfaces/lib:/opt/MVS/lib/64:/opt/MVS/lib/32:/opt/MVS/lib/64:/opt/MVS/lib/32:/usr/lib/x86_64-linux-gnu/gazebo-11/plugins:/opt/ros/foxy/opt/yaml_cpp_vendor/lib:/opt/ros/foxy/opt/rviz_ogre_vendor/lib:/opt/ros/foxy/lib/x86_64-linux-gnu:/opt/ros/foxy/lib:/opt/MVS/lib/64:/opt/MVS/lib/32:/opt/MVS/lib/64:/opt/MVS/lib/32 PYTHONPATH=/home/alyssa/ros2_town/install/village_interfaces/lib/python3.8/site-packages:${PYTHONPATH} /usr/bin/cmake --install /home/alyssa/ros2_town/build/village_wang
[0.254s] -- Install configuration: ""
[0.254s] -- Up-to-date: /home/alyssa/ros2_town/install/village_wang/share/ament_index/resource_index/package_run_dependencies/village_wang
[0.254s] -- Up-to-date: /home/alyssa/ros2_town/install/village_wang/share/ament_index/resource_index/parent_prefix_path/village_wang
[0.254s] -- Up-to-date: /home/alyssa/ros2_town/install/village_wang/share/village_wang/environment/ament_prefix_path.sh
[0.256s] -- Up-to-date: /home/alyssa/ros2_town/install/village_wang/share/village_wang/environment/ament_prefix_path.dsv
[0.256s] -- Up-to-date: /home/alyssa/ros2_town/install/village_wang/share/village_wang/environment/path.sh
[0.256s] -- Up-to-date: /home/alyssa/ros2_town/install/village_wang/share/village_wang/environment/path.dsv
[0.256s] -- Up-to-date: /home/alyssa/ros2_town/install/village_wang/share/village_wang/local_setup.bash
[0.256s] -- Up-to-date: /home/alyssa/ros2_town/install/village_wang/share/village_wang/local_setup.sh
[0.256s] -- Up-to-date: /home/alyssa/ros2_town/install/village_wang/share/village_wang/local_setup.zsh
[0.257s] -- Up-to-date: /home/alyssa/ros2_town/install/village_wang/share/village_wang/local_setup.dsv
[0.257s] -- Installing: /home/alyssa/ros2_town/install/village_wang/share/village_wang/package.dsv
[0.257s] -- Up-to-date: /home/alyssa/ros2_town/install/village_wang/share/ament_index/resource_index/packages/village_wang
[0.258s] -- Up-to-date: /home/alyssa/ros2_town/install/village_wang/share/village_wang/cmake/village_wangConfig.cmake
[0.258s] -- Up-to-date: /home/alyssa/ros2_town/install/village_wang/share/village_wang/cmake/village_wangConfig-version.cmake
[0.258s] -- Up-to-date: /home/alyssa/ros2_town/install/village_wang/share/village_wang/package.xml
[0.259s] -- Up-to-date: /home/alyssa/ros2_town/install/village_wang/lib/village_wang/wang2_node
[0.260s] Invoked command in '/home/alyssa/ros2_town/build/village_wang' returned '0': AMENT_PREFIX_PATH=/home/alyssa/ros2_town/install/village_interfaces:${AMENT_PREFIX_PATH} CMAKE_PREFIX_PATH=/home/alyssa/ros2_town/install/village_interfaces:/opt/ros/foxy LD_LIBRARY_PATH=/home/alyssa/ros2_town/install/village_interfaces/lib:/opt/MVS/lib/64:/opt/MVS/lib/32:/opt/MVS/lib/64:/opt/MVS/lib/32:/usr/lib/x86_64-linux-gnu/gazebo-11/plugins:/opt/ros/foxy/opt/yaml_cpp_vendor/lib:/opt/ros/foxy/opt/rviz_ogre_vendor/lib:/opt/ros/foxy/lib/x86_64-linux-gnu:/opt/ros/foxy/lib:/opt/MVS/lib/64:/opt/MVS/lib/32:/opt/MVS/lib/64:/opt/MVS/lib/32 PYTHONPATH=/home/alyssa/ros2_town/install/village_interfaces/lib/python3.8/site-packages:${PYTHONPATH} /usr/bin/cmake --install /home/alyssa/ros2_town/build/village_wang
