[0.179s] Invoking command in '/home/alyssa/ros2_town/build/village_zhang': AMENT_PREFIX_PATH=/home/alyssa/ros2_town/install/village_interfaces:${AMENT_PREFIX_PATH} CMAKE_PREFIX_PATH=/home/alyssa/ros2_town/install/village_interfaces:/opt/ros/foxy LD_LIBRARY_PATH=/home/alyssa/ros2_town/install/village_interfaces/lib:/opt/MVS/lib/64:/opt/MVS/lib/32:/opt/MVS/lib/64:/opt/MVS/lib/32:/usr/lib/x86_64-linux-gnu/gazebo-11/plugins:/opt/ros/foxy/opt/yaml_cpp_vendor/lib:/opt/ros/foxy/opt/rviz_ogre_vendor/lib:/opt/ros/foxy/lib/x86_64-linux-gnu:/opt/ros/foxy/lib:/opt/MVS/lib/64:/opt/MVS/lib/32:/opt/MVS/lib/64:/opt/MVS/lib/32 PYTHONPATH=/home/alyssa/ros2_town/install/village_interfaces/lib/python3.8/site-packages:${PYTHONPATH} /usr/bin/cmake --build /home/alyssa/ros2_town/build/village_zhang -- -j8 -l8
[0.221s] [100%] Built target zhang3_node
[0.229s] Invoked command in '/home/alyssa/ros2_town/build/village_zhang' returned '0': AMENT_PREFIX_PATH=/home/alyssa/ros2_town/install/village_interfaces:${AMENT_PREFIX_PATH} CMAKE_PREFIX_PATH=/home/alyssa/ros2_town/install/village_interfaces:/opt/ros/foxy LD_LIBRARY_PATH=/home/alyssa/ros2_town/install/village_interfaces/lib:/opt/MVS/lib/64:/opt/MVS/lib/32:/opt/MVS/lib/64:/opt/MVS/lib/32:/usr/lib/x86_64-linux-gnu/gazebo-11/plugins:/opt/ros/foxy/opt/yaml_cpp_vendor/lib:/opt/ros/foxy/opt/rviz_ogre_vendor/lib:/opt/ros/foxy/lib/x86_64-linux-gnu:/opt/ros/foxy/lib:/opt/MVS/lib/64:/opt/MVS/lib/32:/opt/MVS/lib/64:/opt/MVS/lib/32 PYTHONPATH=/home/alyssa/ros2_town/install/village_interfaces/lib/python3.8/site-packages:${PYTHONPATH} /usr/bin/cmake --build /home/alyssa/ros2_town/build/village_zhang -- -j8 -l8
[0.247s] Invoking command in '/home/alyssa/ros2_town/build/village_zhang': AMENT_PREFIX_PATH=/home/alyssa/ros2_town/install/village_interfaces:${AMENT_PREFIX_PATH} CMAKE_PREFIX_PATH=/home/alyssa/ros2_town/install/village_interfaces:/opt/ros/foxy LD_LIBRARY_PATH=/home/alyssa/ros2_town/install/village_interfaces/lib:/opt/MVS/lib/64:/opt/MVS/lib/32:/opt/MVS/lib/64:/opt/MVS/lib/32:/usr/lib/x86_64-linux-gnu/gazebo-11/plugins:/opt/ros/foxy/opt/yaml_cpp_vendor/lib:/opt/ros/foxy/opt/rviz_ogre_vendor/lib:/opt/ros/foxy/lib/x86_64-linux-gnu:/opt/ros/foxy/lib:/opt/MVS/lib/64:/opt/MVS/lib/32:/opt/MVS/lib/64:/opt/MVS/lib/32 PYTHONPATH=/home/alyssa/ros2_town/install/village_interfaces/lib/python3.8/site-packages:${PYTHONPATH} /usr/bin/cmake --install /home/alyssa/ros2_town/build/village_zhang
[0.255s] -- Install configuration: ""
[0.255s] -- Up-to-date: /home/alyssa/ros2_town/install/village_zhang/share/ament_index/resource_index/package_run_dependencies/village_zhang
[0.257s] -- Up-to-date: /home/alyssa/ros2_town/install/village_zhang/share/ament_index/resource_index/parent_prefix_path/village_zhang
[0.257s] -- Up-to-date: /home/alyssa/ros2_town/install/village_zhang/share/village_zhang/environment/ament_prefix_path.sh
[0.257s] -- Up-to-date: /home/alyssa/ros2_town/install/village_zhang/share/village_zhang/environment/ament_prefix_path.dsv
[0.257s] -- Up-to-date: /home/alyssa/ros2_town/install/village_zhang/share/village_zhang/environment/path.sh
[0.257s] -- Up-to-date: /home/alyssa/ros2_town/install/village_zhang/share/village_zhang/environment/path.dsv
[0.257s] -- Up-to-date: /home/alyssa/ros2_town/install/village_zhang/share/village_zhang/local_setup.bash
[0.257s] -- Up-to-date: /home/alyssa/ros2_town/install/village_zhang/share/village_zhang/local_setup.sh
[0.258s] -- Up-to-date: /home/alyssa/ros2_town/install/village_zhang/share/village_zhang/local_setup.zsh
[0.258s] -- Up-to-date: /home/alyssa/ros2_town/install/village_zhang/share/village_zhang/local_setup.dsv
[0.258s] -- Installing: /home/alyssa/ros2_town/install/village_zhang/share/village_zhang/package.dsv
[0.258s] -- Up-to-date: /home/alyssa/ros2_town/install/village_zhang/share/ament_index/resource_index/packages/village_zhang
[0.259s] -- Up-to-date: /home/alyssa/ros2_town/install/village_zhang/share/village_zhang/cmake/village_zhangConfig.cmake
[0.259s] -- Up-to-date: /home/alyssa/ros2_town/install/village_zhang/share/village_zhang/cmake/village_zhangConfig-version.cmake
[0.259s] -- Up-to-date: /home/alyssa/ros2_town/install/village_zhang/share/village_zhang/package.xml
[0.259s] -- Up-to-date: /home/alyssa/ros2_town/install/village_zhang/lib/village_zhang/zhang3_node
[0.263s] Invoked command in '/home/alyssa/ros2_town/build/village_zhang' returned '0': AMENT_PREFIX_PATH=/home/alyssa/ros2_town/install/village_interfaces:${AMENT_PREFIX_PATH} CMAKE_PREFIX_PATH=/home/alyssa/ros2_town/install/village_interfaces:/opt/ros/foxy LD_LIBRARY_PATH=/home/alyssa/ros2_town/install/village_interfaces/lib:/opt/MVS/lib/64:/opt/MVS/lib/32:/opt/MVS/lib/64:/opt/MVS/lib/32:/usr/lib/x86_64-linux-gnu/gazebo-11/plugins:/opt/ros/foxy/opt/yaml_cpp_vendor/lib:/opt/ros/foxy/opt/rviz_ogre_vendor/lib:/opt/ros/foxy/lib/x86_64-linux-gnu:/opt/ros/foxy/lib:/opt/MVS/lib/64:/opt/MVS/lib/32:/opt/MVS/lib/64:/opt/MVS/lib/32 PYTHONPATH=/home/alyssa/ros2_town/install/village_interfaces/lib/python3.8/site-packages:${PYTHONPATH} /usr/bin/cmake --install /home/alyssa/ros2_town/build/village_zhang
