-- The C compiler identification is GNU 9.3.0
-- The CXX compiler identification is GNU 9.3.0
-- Check for working C compiler: /usr/bin/cc
-- Check for working C compiler: /usr/bin/cc -- works
-- Detecting C compiler ABI info
-- Detecting C compiler ABI info - done
-- Detecting C compile features
-- Detecting C compile features - done
-- Check for working CXX compiler: /usr/bin/c++
-- Check for working CXX compiler: /usr/bin/c++ -- works
-- Detecting CXX compiler ABI info
-- Detecting CXX compiler ABI info - done
-- Detecting CXX compile features
-- Detecting CXX compile features - done
-- Found rclcpp: 2.4.0 (/opt/ros/foxy/share/rclcpp/cmake)
-- Found PythonInterp: /usr/bin/python3 (found suitable version "3.8.10", minimum required is "3") 
-- Using PYTHON_EXECUTABLE: /usr/bin/python3
-- Using all available rosidl_typesupport_c: rosidl_typesupport_fastrtps_c;rosidl_typesupport_introspection_c
-- Found rosidl_adapter: 1.2.1 (/opt/ros/foxy/share/rosidl_adapter/cmake)
-- Found OpenSSL: /usr/lib/x86_64-linux-gnu/libcrypto.so (found version "1.1.1f")  
-- Found FastRTPS: /opt/ros/foxy/include  
-- Using all available rosidl_typesupport_cpp: rosidl_typesupport_fastrtps_cpp;rosidl_typesupport_introspection_cpp
-- Found rmw_implementation_cmake: 1.0.3 (/opt/ros/foxy/share/rmw_implementation_cmake/cmake)
-- Using RMW implementation 'rmw_fastrtps_cpp' as default
-- Looking for pthread.h
-- Looking for pthread.h - found
-- Performing Test CMAKE_HAVE_LIBC_PTHREAD
-- Performing Test CMAKE_HAVE_LIBC_PTHREAD - Failed
-- Looking for pthread_create in pthreads
-- Looking for pthread_create in pthreads - not found
-- Looking for pthread_create in pthread
-- Looking for pthread_create in pthread - found
-- Found Threads: TRUE  
-- Found village_interfaces: 0.0.0 (/home/alyssa/ros2_town/install/village_interfaces/share/village_interfaces/cmake)
-- Found ament_lint_auto: 0.9.6 (/opt/ros/foxy/share/ament_lint_auto/cmake)
-- Added test 'copyright' to check source files copyright and LICENSE
-- Added test 'cppcheck' to perform static code analysis on C / C++ code
-- Configured cppcheck include dirs: 
-- Configured cppcheck exclude dirs and/or files: 
-- Added test 'cpplint' to check C / C++ code against the Google style
-- Configured cpplint exclude dirs and/or files: 
-- Added test 'lint_cmake' to check CMake code style
-- Added test 'uncrustify' to check C / C++ code style
-- Configured uncrustify additional arguments: 
-- Added test 'xmllint' to check XML markup files
-- Configuring done
-- Generating done
-- Build files have been written to: /home/alyssa/ros2_town/build/village_zhang
[35m[1mScanning dependencies of target zhang3_node[0m
[ 50%] [32mBuilding CXX object CMakeFiles/zhang3_node.dir/src/zhang3.cpp.o[0m
[100%] [32m[1mLinking CXX executable zhang3_node[0m
[100%] Built target zhang3_node
-- Install configuration: ""
-- Installing: /home/alyssa/ros2_town/install/village_zhang/share/ament_index/resource_index/package_run_dependencies/village_zhang
-- Installing: /home/alyssa/ros2_town/install/village_zhang/share/ament_index/resource_index/parent_prefix_path/village_zhang
-- Installing: /home/alyssa/ros2_town/install/village_zhang/share/village_zhang/environment/ament_prefix_path.sh
-- Installing: /home/alyssa/ros2_town/install/village_zhang/share/village_zhang/environment/ament_prefix_path.dsv
-- Installing: /home/alyssa/ros2_town/install/village_zhang/share/village_zhang/environment/path.sh
-- Installing: /home/alyssa/ros2_town/install/village_zhang/share/village_zhang/environment/path.dsv
-- Installing: /home/alyssa/ros2_town/install/village_zhang/share/village_zhang/local_setup.bash
-- Installing: /home/alyssa/ros2_town/install/village_zhang/share/village_zhang/local_setup.sh
-- Installing: /home/alyssa/ros2_town/install/village_zhang/share/village_zhang/local_setup.zsh
-- Installing: /home/alyssa/ros2_town/install/village_zhang/share/village_zhang/local_setup.dsv
-- Installing: /home/alyssa/ros2_town/install/village_zhang/share/village_zhang/package.dsv
-- Installing: /home/alyssa/ros2_town/install/village_zhang/share/ament_index/resource_index/packages/village_zhang
-- Installing: /home/alyssa/ros2_town/install/village_zhang/share/village_zhang/cmake/village_zhangConfig.cmake
-- Installing: /home/alyssa/ros2_town/install/village_zhang/share/village_zhang/cmake/village_zhangConfig-version.cmake
-- Installing: /home/alyssa/ros2_town/install/village_zhang/share/village_zhang/package.xml
-- Installing: /home/alyssa/ros2_town/install/village_zhang/lib/village_zhang/zhang3_node
-- Set runtime path of "/home/alyssa/ros2_town/install/village_zhang/lib/village_zhang/zhang3_node" to ""
