[0.181s] Invoking command in '/home/alyssa/ros2_town/build/village_zhang': AMENT_PREFIX_PATH=/home/alyssa/ros2_town/install/village_interfaces:${AMENT_PREFIX_PATH} CMAKE_PREFIX_PATH=/home/alyssa/ros2_town/install/village_interfaces:/opt/ros/foxy LD_LIBRARY_PATH=/home/alyssa/ros2_town/install/village_interfaces/lib:/opt/MVS/lib/64:/opt/MVS/lib/32:/opt/MVS/lib/64:/opt/MVS/lib/32:/usr/lib/x86_64-linux-gnu/gazebo-11/plugins:/opt/ros/foxy/opt/yaml_cpp_vendor/lib:/opt/ros/foxy/opt/rviz_ogre_vendor/lib:/opt/ros/foxy/lib/x86_64-linux-gnu:/opt/ros/foxy/lib:/opt/MVS/lib/64:/opt/MVS/lib/32:/opt/MVS/lib/64:/opt/MVS/lib/32 PYTHONPATH=/home/alyssa/ros2_town/install/village_interfaces/lib/python3.8/site-packages:${PYTHONPATH} /usr/bin/cmake /home/alyssa/ros2_town/village_zhang -DCMAKE_INSTALL_PREFIX=/home/alyssa/ros2_town/install/village_zhang
[0.217s] -- The C compiler identification is GNU 9.3.0
[0.252s] -- The CXX compiler identification is GNU 9.3.0
[0.255s] -- Check for working C compiler: /usr/bin/cc
[0.301s] -- Check for working C compiler: /usr/bin/cc -- works
[0.302s] -- Detecting C compiler ABI info
[0.353s] -- Detecting C compiler ABI info - done
[0.365s] -- Detecting C compile features
[0.366s] -- Detecting C compile features - done
[0.368s] -- Check for working CXX compiler: /usr/bin/c++
[0.436s] -- Check for working CXX compiler: /usr/bin/c++ -- works
[0.437s] -- Detecting CXX compiler ABI info
[0.495s] -- Detecting CXX compiler ABI info - done
[0.505s] -- Detecting CXX compile features
[0.506s] -- Detecting CXX compile features - done
[0.509s] -- Found rclcpp: 2.4.0 (/opt/ros/foxy/share/rclcpp/cmake)
[0.525s] -- Found PythonInterp: /usr/bin/python3 (found suitable version "3.8.10", minimum required is "3") 
[0.526s] -- Using PYTHON_EXECUTABLE: /usr/bin/python3
[0.733s] -- Using all available rosidl_typesupport_c: rosidl_typesupport_fastrtps_c;rosidl_typesupport_introspection_c
[0.739s] -- Found rosidl_adapter: 1.2.1 (/opt/ros/foxy/share/rosidl_adapter/cmake)
[0.793s] -- Found OpenSSL: /usr/lib/x86_64-linux-gnu/libcrypto.so (found version "1.1.1f")  
[0.821s] -- Found FastRTPS: /opt/ros/foxy/include  
[0.873s] -- Using all available rosidl_typesupport_cpp: rosidl_typesupport_fastrtps_cpp;rosidl_typesupport_introspection_cpp
[0.909s] -- Found rmw_implementation_cmake: 1.0.3 (/opt/ros/foxy/share/rmw_implementation_cmake/cmake)
[0.910s] -- Using RMW implementation 'rmw_fastrtps_cpp' as default
[0.910s] -- Looking for pthread.h
[0.956s] -- Looking for pthread.h - found
[0.956s] -- Performing Test CMAKE_HAVE_LIBC_PTHREAD
[1.003s] -- Performing Test CMAKE_HAVE_LIBC_PTHREAD - Failed
[1.003s] -- Looking for pthread_create in pthreads
[1.045s] -- Looking for pthread_create in pthreads - not found
[1.045s] -- Looking for pthread_create in pthread
[1.091s] -- Looking for pthread_create in pthread - found
[1.091s] -- Found Threads: TRUE  
[1.203s] -- Found village_interfaces: 0.0.0 (/home/alyssa/ros2_town/install/village_interfaces/share/village_interfaces/cmake)
[1.361s] -- Found ament_lint_auto: 0.9.6 (/opt/ros/foxy/share/ament_lint_auto/cmake)
[1.421s] -- Added test 'copyright' to check source files copyright and LICENSE
[1.422s] -- Added test 'cppcheck' to perform static code analysis on C / C++ code
[1.422s] -- Configured cppcheck include dirs: 
[1.422s] -- Configured cppcheck exclude dirs and/or files: 
[1.422s] -- Added test 'cpplint' to check C / C++ code against the Google style
[1.422s] -- Configured cpplint exclude dirs and/or files: 
[1.423s] -- Added test 'lint_cmake' to check CMake code style
[1.423s] -- Added test 'uncrustify' to check C / C++ code style
[1.423s] -- Configured uncrustify additional arguments: 
[1.423s] -- Added test 'xmllint' to check XML markup files
[1.426s] -- Configuring done
[1.432s] -- Generating done
[1.433s] -- Build files have been written to: /home/alyssa/ros2_town/build/village_zhang
[1.441s] Invoked command in '/home/alyssa/ros2_town/build/village_zhang' returned '0': AMENT_PREFIX_PATH=/home/alyssa/ros2_town/install/village_interfaces:${AMENT_PREFIX_PATH} CMAKE_PREFIX_PATH=/home/alyssa/ros2_town/install/village_interfaces:/opt/ros/foxy LD_LIBRARY_PATH=/home/alyssa/ros2_town/install/village_interfaces/lib:/opt/MVS/lib/64:/opt/MVS/lib/32:/opt/MVS/lib/64:/opt/MVS/lib/32:/usr/lib/x86_64-linux-gnu/gazebo-11/plugins:/opt/ros/foxy/opt/yaml_cpp_vendor/lib:/opt/ros/foxy/opt/rviz_ogre_vendor/lib:/opt/ros/foxy/lib/x86_64-linux-gnu:/opt/ros/foxy/lib:/opt/MVS/lib/64:/opt/MVS/lib/32:/opt/MVS/lib/64:/opt/MVS/lib/32 PYTHONPATH=/home/alyssa/ros2_town/install/village_interfaces/lib/python3.8/site-packages:${PYTHONPATH} /usr/bin/cmake /home/alyssa/ros2_town/village_zhang -DCMAKE_INSTALL_PREFIX=/home/alyssa/ros2_town/install/village_zhang
[1.443s] Invoking command in '/home/alyssa/ros2_town/build/village_zhang': AMENT_PREFIX_PATH=/home/alyssa/ros2_town/install/village_interfaces:${AMENT_PREFIX_PATH} CMAKE_PREFIX_PATH=/home/alyssa/ros2_town/install/village_interfaces:/opt/ros/foxy LD_LIBRARY_PATH=/home/alyssa/ros2_town/install/village_interfaces/lib:/opt/MVS/lib/64:/opt/MVS/lib/32:/opt/MVS/lib/64:/opt/MVS/lib/32:/usr/lib/x86_64-linux-gnu/gazebo-11/plugins:/opt/ros/foxy/opt/yaml_cpp_vendor/lib:/opt/ros/foxy/opt/rviz_ogre_vendor/lib:/opt/ros/foxy/lib/x86_64-linux-gnu:/opt/ros/foxy/lib:/opt/MVS/lib/64:/opt/MVS/lib/32:/opt/MVS/lib/64:/opt/MVS/lib/32 PYTHONPATH=/home/alyssa/ros2_town/install/village_interfaces/lib/python3.8/site-packages:${PYTHONPATH} /usr/bin/cmake --build /home/alyssa/ros2_town/build/village_zhang -- -j8 -l8
[1.473s] [35m[1mScanning dependencies of target zhang3_node[0m
[1.521s] [ 50%] [32mBuilding CXX object CMakeFiles/zhang3_node.dir/src/zhang3.cpp.o[0m
[3.169s] [100%] [32m[1mLinking CXX executable zhang3_node[0m
[3.273s] [100%] Built target zhang3_node
[3.281s] Invoked command in '/home/alyssa/ros2_town/build/village_zhang' returned '0': AMENT_PREFIX_PATH=/home/alyssa/ros2_town/install/village_interfaces:${AMENT_PREFIX_PATH} CMAKE_PREFIX_PATH=/home/alyssa/ros2_town/install/village_interfaces:/opt/ros/foxy LD_LIBRARY_PATH=/home/alyssa/ros2_town/install/village_interfaces/lib:/opt/MVS/lib/64:/opt/MVS/lib/32:/opt/MVS/lib/64:/opt/MVS/lib/32:/usr/lib/x86_64-linux-gnu/gazebo-11/plugins:/opt/ros/foxy/opt/yaml_cpp_vendor/lib:/opt/ros/foxy/opt/rviz_ogre_vendor/lib:/opt/ros/foxy/lib/x86_64-linux-gnu:/opt/ros/foxy/lib:/opt/MVS/lib/64:/opt/MVS/lib/32:/opt/MVS/lib/64:/opt/MVS/lib/32 PYTHONPATH=/home/alyssa/ros2_town/install/village_interfaces/lib/python3.8/site-packages:${PYTHONPATH} /usr/bin/cmake --build /home/alyssa/ros2_town/build/village_zhang -- -j8 -l8
[3.299s] Invoking command in '/home/alyssa/ros2_town/build/village_zhang': AMENT_PREFIX_PATH=/home/alyssa/ros2_town/install/village_interfaces:${AMENT_PREFIX_PATH} CMAKE_PREFIX_PATH=/home/alyssa/ros2_town/install/village_interfaces:/opt/ros/foxy LD_LIBRARY_PATH=/home/alyssa/ros2_town/install/village_interfaces/lib:/opt/MVS/lib/64:/opt/MVS/lib/32:/opt/MVS/lib/64:/opt/MVS/lib/32:/usr/lib/x86_64-linux-gnu/gazebo-11/plugins:/opt/ros/foxy/opt/yaml_cpp_vendor/lib:/opt/ros/foxy/opt/rviz_ogre_vendor/lib:/opt/ros/foxy/lib/x86_64-linux-gnu:/opt/ros/foxy/lib:/opt/MVS/lib/64:/opt/MVS/lib/32:/opt/MVS/lib/64:/opt/MVS/lib/32 PYTHONPATH=/home/alyssa/ros2_town/install/village_interfaces/lib/python3.8/site-packages:${PYTHONPATH} /usr/bin/cmake --install /home/alyssa/ros2_town/build/village_zhang
[3.305s] -- Install configuration: ""
[3.305s] -- Installing: /home/alyssa/ros2_town/install/village_zhang/share/ament_index/resource_index/package_run_dependencies/village_zhang
[3.305s] -- Installing: /home/alyssa/ros2_town/install/village_zhang/share/ament_index/resource_index/parent_prefix_path/village_zhang
[3.305s] -- Installing: /home/alyssa/ros2_town/install/village_zhang/share/village_zhang/environment/ament_prefix_path.sh
[3.305s] -- Installing: /home/alyssa/ros2_town/install/village_zhang/share/village_zhang/environment/ament_prefix_path.dsv
[3.305s] -- Installing: /home/alyssa/ros2_town/install/village_zhang/share/village_zhang/environment/path.sh
[3.305s] -- Installing: /home/alyssa/ros2_town/install/village_zhang/share/village_zhang/environment/path.dsv
[3.305s] -- Installing: /home/alyssa/ros2_town/install/village_zhang/share/village_zhang/local_setup.bash
[3.305s] -- Installing: /home/alyssa/ros2_town/install/village_zhang/share/village_zhang/local_setup.sh
[3.306s] -- Installing: /home/alyssa/ros2_town/install/village_zhang/share/village_zhang/local_setup.zsh
[3.306s] -- Installing: /home/alyssa/ros2_town/install/village_zhang/share/village_zhang/local_setup.dsv
[3.306s] -- Installing: /home/alyssa/ros2_town/install/village_zhang/share/village_zhang/package.dsv
[3.306s] -- Installing: /home/alyssa/ros2_town/install/village_zhang/share/ament_index/resource_index/packages/village_zhang
[3.306s] -- Installing: /home/alyssa/ros2_town/install/village_zhang/share/village_zhang/cmake/village_zhangConfig.cmake
[3.306s] -- Installing: /home/alyssa/ros2_town/install/village_zhang/share/village_zhang/cmake/village_zhangConfig-version.cmake
[3.306s] -- Installing: /home/alyssa/ros2_town/install/village_zhang/share/village_zhang/package.xml
[3.306s] -- Installing: /home/alyssa/ros2_town/install/village_zhang/lib/village_zhang/zhang3_node
[3.306s] -- Set runtime path of "/home/alyssa/ros2_town/install/village_zhang/lib/village_zhang/zhang3_node" to ""
[3.309s] Invoked command in '/home/alyssa/ros2_town/build/village_zhang' returned '0': AMENT_PREFIX_PATH=/home/alyssa/ros2_town/install/village_interfaces:${AMENT_PREFIX_PATH} CMAKE_PREFIX_PATH=/home/alyssa/ros2_town/install/village_interfaces:/opt/ros/foxy LD_LIBRARY_PATH=/home/alyssa/ros2_town/install/village_interfaces/lib:/opt/MVS/lib/64:/opt/MVS/lib/32:/opt/MVS/lib/64:/opt/MVS/lib/32:/usr/lib/x86_64-linux-gnu/gazebo-11/plugins:/opt/ros/foxy/opt/yaml_cpp_vendor/lib:/opt/ros/foxy/opt/rviz_ogre_vendor/lib:/opt/ros/foxy/lib/x86_64-linux-gnu:/opt/ros/foxy/lib:/opt/MVS/lib/64:/opt/MVS/lib/32:/opt/MVS/lib/64:/opt/MVS/lib/32 PYTHONPATH=/home/alyssa/ros2_town/install/village_interfaces/lib/python3.8/site-packages:${PYTHONPATH} /usr/bin/cmake --install /home/alyssa/ros2_town/build/village_zhang
