[0.182s] Invoking command in '/home/alyssa/ros2_town/village_li': CMAKE_PREFIX_PATH=/home/alyssa/ros2_town/install/village_interfaces:/home/alyssa/ros2_town/install/village_zhang:/home/alyssa/ros2_town/install/village_wang LD_LIBRARY_PATH=/home/alyssa/ros2_town/install/village_interfaces/lib:/opt/MVS/lib/64:/opt/MVS/lib/32:/opt/MVS/lib/64:/opt/MVS/lib/32:/usr/lib/x86_64-linux-gnu/gazebo-11/plugins:/opt/ros/foxy/opt/yaml_cpp_vendor/lib:/opt/ros/foxy/opt/rviz_ogre_vendor/lib:/opt/ros/foxy/lib/x86_64-linux-gnu:/opt/ros/foxy/lib:/opt/MVS/lib/64:/opt/MVS/lib/32:/opt/MVS/lib/64:/opt/MVS/lib/32 PYTHONPATH=/home/alyssa/ros2_town/install/village_li/lib/python3.8/site-packages:/home/alyssa/ros2_town/install/village_interfaces/lib/python3.8/site-packages:/home/alyssa/ros2_town/install/village_li/lib/python3.8/site-packages:/opt/ros/foxy/lib/python3.8/site-packages /usr/bin/python3 setup.py egg_info --egg-base ../build/village_li build --build-base /home/alyssa/ros2_town/build/village_li/build install --prefix /home/alyssa/ros2_town/install/village_li --record /home/alyssa/ros2_town/build/village_li/install.log --single-version-externally-managed
[0.334s] running egg_info
[0.335s] writing ../build/village_li/village_li.egg-info/PKG-INFO
[0.335s] writing dependency_links to ../build/village_li/village_li.egg-info/dependency_links.txt
[0.335s] writing entry points to ../build/village_li/village_li.egg-info/entry_points.txt
[0.335s] writing requirements to ../build/village_li/village_li.egg-info/requires.txt
[0.335s] writing top-level names to ../build/village_li/village_li.egg-info/top_level.txt
[0.355s] reading manifest file '../build/village_li/village_li.egg-info/SOURCES.txt'
[0.355s] writing manifest file '../build/village_li/village_li.egg-info/SOURCES.txt'
[0.355s] running build
[0.356s] running build_py
[0.356s] copying village_li/li4.py -> /home/alyssa/ros2_town/build/village_li/build/lib/village_li
[0.356s] running install
[0.356s] running install_lib
[0.357s] copying /home/alyssa/ros2_town/build/village_li/build/lib/village_li/li4.py -> /home/alyssa/ros2_town/install/village_li/lib/python3.8/site-packages/village_li
[0.357s] byte-compiling /home/alyssa/ros2_town/install/village_li/lib/python3.8/site-packages/village_li/li4.py to li4.cpython-38.pyc
[0.358s] running install_data
[0.358s] running install_egg_info
[0.359s] removing '/home/alyssa/ros2_town/install/village_li/lib/python3.8/site-packages/village_li-0.0.0-py3.8.egg-info' (and everything under it)
[0.359s] Copying ../build/village_li/village_li.egg-info to /home/alyssa/ros2_town/install/village_li/lib/python3.8/site-packages/village_li-0.0.0-py3.8.egg-info
[0.360s] running install_scripts
[0.370s] Installing li3_node script to /home/alyssa/ros2_town/install/village_li/lib/village_li
[0.370s] Installing li4_node script to /home/alyssa/ros2_town/install/village_li/lib/village_li
[0.370s] writing list of installed files to '/home/alyssa/ros2_town/build/village_li/install.log'
[0.387s] Invoked command in '/home/alyssa/ros2_town/village_li' returned '0': CMAKE_PREFIX_PATH=/home/alyssa/ros2_town/install/village_interfaces:/home/alyssa/ros2_town/install/village_zhang:/home/alyssa/ros2_town/install/village_wang LD_LIBRARY_PATH=/home/alyssa/ros2_town/install/village_interfaces/lib:/opt/MVS/lib/64:/opt/MVS/lib/32:/opt/MVS/lib/64:/opt/MVS/lib/32:/usr/lib/x86_64-linux-gnu/gazebo-11/plugins:/opt/ros/foxy/opt/yaml_cpp_vendor/lib:/opt/ros/foxy/opt/rviz_ogre_vendor/lib:/opt/ros/foxy/lib/x86_64-linux-gnu:/opt/ros/foxy/lib:/opt/MVS/lib/64:/opt/MVS/lib/32:/opt/MVS/lib/64:/opt/MVS/lib/32 PYTHONPATH=/home/alyssa/ros2_town/install/village_li/lib/python3.8/site-packages:/home/alyssa/ros2_town/install/village_interfaces/lib/python3.8/site-packages:/home/alyssa/ros2_town/install/village_li/lib/python3.8/site-packages:/opt/ros/foxy/lib/python3.8/site-packages /usr/bin/python3 setup.py egg_info --egg-base ../build/village_li build --build-base /home/alyssa/ros2_town/build/village_li/build install --prefix /home/alyssa/ros2_town/install/village_li --record /home/alyssa/ros2_town/build/village_li/install.log --single-version-externally-managed
