[0.188s] Invoking command in '/home/alyssa/ros2_town/village_li': AMENT_PREFIX_PATH=/home/alyssa/ros2_town/install/village_interfaces:${AMENT_PREFIX_PATH} CMAKE_PREFIX_PATH=/home/alyssa/ros2_town/install/village_interfaces LD_LIBRARY_PATH=/home/alyssa/ros2_town/install/village_interfaces/lib:/opt/MVS/lib/64:/opt/MVS/lib/32:/opt/MVS/lib/64:/opt/MVS/lib/32:/usr/lib/x86_64-linux-gnu/gazebo-11/plugins:/opt/ros/foxy/opt/yaml_cpp_vendor/lib:/opt/ros/foxy/opt/rviz_ogre_vendor/lib:/opt/ros/foxy/lib/x86_64-linux-gnu:/opt/ros/foxy/lib:/opt/MVS/lib/64:/opt/MVS/lib/32:/opt/MVS/lib/64:/opt/MVS/lib/32 PYTHONPATH=/home/alyssa/ros2_town/install/village_li/lib/python3.8/site-packages:/home/alyssa/ros2_town/install/village_interfaces/lib/python3.8/site-packages:${PYTHONPATH} /usr/bin/python3 setup.py egg_info --egg-base ../build/village_li build --build-base /home/alyssa/ros2_town/build/village_li/build install --prefix /home/alyssa/ros2_town/install/village_li --record /home/alyssa/ros2_town/build/village_li/install.log --single-version-externally-managed
[0.360s] running egg_info
[0.360s] writing ../build/village_li/village_li.egg-info/PKG-INFO
[0.360s] writing dependency_links to ../build/village_li/village_li.egg-info/dependency_links.txt
[0.360s] writing entry points to ../build/village_li/village_li.egg-info/entry_points.txt
[0.360s] writing requirements to ../build/village_li/village_li.egg-info/requires.txt
[0.360s] writing top-level names to ../build/village_li/village_li.egg-info/top_level.txt
[0.383s] reading manifest file '../build/village_li/village_li.egg-info/SOURCES.txt'
[0.383s] writing manifest file '../build/village_li/village_li.egg-info/SOURCES.txt'
[0.383s] running build
[0.383s] running build_py
[0.383s] running install
[0.384s] running install_lib
[0.385s] running install_data
[0.385s] running install_egg_info
[0.386s] removing '/home/alyssa/ros2_town/install/village_li/lib/python3.8/site-packages/village_li-0.0.0-py3.8.egg-info' (and everything under it)
[0.386s] Copying ../build/village_li/village_li.egg-info to /home/alyssa/ros2_town/install/village_li/lib/python3.8/site-packages/village_li-0.0.0-py3.8.egg-info
[0.387s] running install_scripts
[0.398s] Installing li3_node script to /home/alyssa/ros2_town/install/village_li/lib/village_li
[0.398s] Installing li4_node script to /home/alyssa/ros2_town/install/village_li/lib/village_li
[0.398s] writing list of installed files to '/home/alyssa/ros2_town/build/village_li/install.log'
[0.416s] Invoked command in '/home/alyssa/ros2_town/village_li' returned '0': AMENT_PREFIX_PATH=/home/alyssa/ros2_town/install/village_interfaces:${AMENT_PREFIX_PATH} CMAKE_PREFIX_PATH=/home/alyssa/ros2_town/install/village_interfaces LD_LIBRARY_PATH=/home/alyssa/ros2_town/install/village_interfaces/lib:/opt/MVS/lib/64:/opt/MVS/lib/32:/opt/MVS/lib/64:/opt/MVS/lib/32:/usr/lib/x86_64-linux-gnu/gazebo-11/plugins:/opt/ros/foxy/opt/yaml_cpp_vendor/lib:/opt/ros/foxy/opt/rviz_ogre_vendor/lib:/opt/ros/foxy/lib/x86_64-linux-gnu:/opt/ros/foxy/lib:/opt/MVS/lib/64:/opt/MVS/lib/32:/opt/MVS/lib/64:/opt/MVS/lib/32 PYTHONPATH=/home/alyssa/ros2_town/install/village_li/lib/python3.8/site-packages:/home/alyssa/ros2_town/install/village_interfaces/lib/python3.8/site-packages:${PYTHONPATH} /usr/bin/python3 setup.py egg_info --egg-base ../build/village_li build --build-base /home/alyssa/ros2_town/build/village_li/build install --prefix /home/alyssa/ros2_town/install/village_li --record /home/alyssa/ros2_town/build/village_li/install.log --single-version-externally-managed
